
****** BUILD ******


****** executing: npm install ******

npm WARN deprecated request@2.88.2: request has been deprecated, see https://github.com/request/request/issues/3142
npm WARN deprecated har-validator@5.1.5: this library is no longer supported
npm WARN deprecated uuid@3.4.0: Please upgrade  to version 7 or higher.  Older versions may use Math.random() in certain circumstances, which is known to be problematic.  See https://v8.dev/blog/math-random for details.
npm notice created a lockfile as package-lock.json. You should commit this file.
added 56 packages from 117 contributors and audited 56 packages in 2.234s

3 packages are looking for funding
  run `npm fund` for details

found 1 moderate severity vulnerability
  run `npm audit fix` to fix them, or `npm audit` for details

****** executing: npm run build ******


> @swagger/jquery-typescript-petstore@1.0.0 build /home/runner/work/swagger-codegen/swagger-codegen/generated/typescript-node-with-npm___petstore___
> tsc

node_modules/@types/bluebird/index.d.ts(42,47): error TS1005: '?' expected.
node_modules/@types/bluebird/index.d.ts(42,59): error TS1005: ';' expected.
node_modules/@types/bluebird/index.d.ts(43,34): error TS1110: Type expected.
node_modules/@types/bluebird/index.d.ts(44,27): error TS1110: Type expected.
node_modules/@types/bluebird/index.d.ts(54,17): error TS1005: ']' expected.
node_modules/@types/bluebird/index.d.ts(54,20): error TS1005: ';' expected.
node_modules/@types/bluebird/index.d.ts(54,39): error TS1005: '(' expected.
node_modules/@types/bluebird/index.d.ts(54,40): error TS1135: Argument expression expected.
node_modules/@types/bluebird/index.d.ts(54,66): error TS1005: '(' expected.
node_modules/@types/bluebird/index.d.ts(55,1): error TS1128: Declaration or statement expected.
node_modules/@types/bluebird/index.d.ts(58,17): error TS1005: ']' expected.
node_modules/@types/bluebird/index.d.ts(58,20): error TS1005: ';' expected.
node_modules/@types/bluebird/index.d.ts(58,25): error TS1005: ';' expected.
node_modules/@types/bluebird/index.d.ts(58,50): error TS1005: ';' expected.
node_modules/@types/bluebird/index.d.ts(58,51): error TS1128: Declaration or statement expected.
node_modules/@types/bluebird/index.d.ts(59,1): error TS1128: Declaration or statement expected.
node_modules/@types/node/assert.d.ts(12,72): error TS1144: '{' or ';' expected.
node_modules/@types/node/assert.d.ts(290,72): error TS1144: '{' or ';' expected.
node_modules/@types/node/assert.d.ts(460,98): error TS1144: '{' or ';' expected.
node_modules/@types/node/assert.d.ts(460,105): error TS1005: ';' expected.
node_modules/@types/node/assert.d.ts(460,108): error TS1005: ';' expected.
node_modules/@types/node/assert.d.ts(492,102): error TS1144: '{' or ';' expected.
node_modules/@types/node/assert.d.ts(492,109): error TS1005: ';' expected.
node_modules/@types/node/assert.d.ts(492,112): error TS1005: ';' expected.
node_modules/@types/node/assert.d.ts(794,51): error TS1144: '{' or ';' expected.
node_modules/@types/node/assert.d.ts(794,57): error TS1005: ';' expected.
node_modules/@types/node/assert.d.ts(794,60): error TS1005: ';' expected.
node_modules/@types/node/assert.d.ts(952,65): error TS1005: ';' expected.
node_modules/@types/node/crypto.d.ts(3098,17): error TS1110: Type expected.
node_modules/@types/node/index.d.ts(74,1): error TS1084: Invalid 'reference' directive syntax.
node_modules/@types/node/index.d.ts(75,1): error TS1084: Invalid 'reference' directive syntax.
node_modules/@types/node/index.d.ts(76,1): error TS1084: Invalid 'reference' directive syntax.
node_modules/@types/node/index.d.ts(77,1): error TS1084: Invalid 'reference' directive syntax.
node_modules/@types/node/test.d.ts(251,26): error TS1005: ';' expected.
node_modules/@types/node/test.d.ts(251,33): error TS1011: An element access expression should take an argument.
node_modules/@types/node/test.d.ts(256,16): error TS1109: Expression expected.
node_modules/@types/node/test.d.ts(262,17): error TS1109: Expression expected.
node_modules/@types/node/test.d.ts(268,21): error TS1109: Expression expected.
node_modules/@types/node/test.d.ts(274,26): error TS1109: Expression expected.
node_modules/@types/node/test.d.ts(274,53): error TS1011: An element access expression should take an argument.
node_modules/@types/node/test.d.ts(274,64): error TS1011: An element access expression should take an argument.
node_modules/@types/node/test.d.ts(891,34): error TS1005: '?' expected.
node_modules/@types/node/test.d.ts(892,17): error TS1005: ':' expected.
node_modules/@types/node/test.d.ts(893,17): error TS1005: ',' expected.
node_modules/@types/node/test.d.ts(896,34): error TS1005: '?' expected.
node_modules/@types/node/test.d.ts(897,17): error TS1005: ':' expected.
node_modules/@types/node/test.d.ts(898,17): error TS1005: ',' expected.
node_modules/@types/node/test.d.ts(898,26): error TS1005: ',' expected.
node_modules/@types/node/test.d.ts(899,5): error TS1109: Expression expected.
node_modules/@types/node/test.d.ts(903,24): error TS1005: ',' expected.
node_modules/@types/node/test.d.ts(907,35): error TS1005: ',' expected.
node_modules/@types/node/test.d.ts(913,39): error TS1005: ',' expected.
node_modules/@types/node/test.d.ts(917,21): error TS1005: ',' expected.
node_modules/@types/node/test.d.ts(922,19): error TS1005: ',' expected.
node_modules/@types/node/test.d.ts(922,27): error TS1005: ':' expected.
node_modules/@types/node/test.d.ts(922,36): error TS1005: ',' expected.
node_modules/@types/node/test.d.ts(922,55): error TS1005: '{' expected.
node_modules/@types/node/test.d.ts(922,64): error TS1005: ':' expected.
node_modules/@types/node/test.d.ts(922,66): error TS1005: ',' expected.
node_modules/@types/node/test.d.ts(922,77): error TS1005: ':' expected.
node_modules/@types/node/test.d.ts(926,22): error TS1005: ',' expected.
node_modules/@types/node/test.d.ts(1029,1): error TS1128: Declaration or statement expected.
node_modules/@types/node/util.d.ts(1498,42): error TS1005: ',' expected.
node_modules/@types/node/util.d.ts(1498,44): error TS1068: Unexpected token. A constructor, method, accessor, or property was expected.
node_modules/@types/node/util.d.ts(1498,57): error TS1005: ';' expected.
node_modules/@types/node/util.d.ts(1498,65): error TS1005: ';' expected.
node_modules/@types/node/util.d.ts(1498,66): error TS1109: Expression expected.
node_modules/@types/node/util.d.ts(1498,67): error TS1109: Expression expected.
node_modules/@types/node/util.d.ts(1503,17): error TS1005: ',' expected.
node_modules/@types/node/util.d.ts(1503,26): error TS1005: ';' expected.
node_modules/@types/node/util.d.ts(1507,17): error TS1005: ',' expected.
node_modules/@types/node/util.d.ts(1507,26): error TS1005: ';' expected.
node_modules/@types/node/util.d.ts(1511,15): error TS1005: ';' expected.
node_modules/@types/node/util.d.ts(1511,41): error TS1005: '(' expected.
node_modules/@types/node/util.d.ts(1517,17): error TS1005: ',' expected.
node_modules/@types/node/util.d.ts(1517,32): error TS1005: ',' expected.
node_modules/@types/node/util.d.ts(1517,41): error TS1005: ';' expected.
node_modules/@types/node/util.d.ts(1517,47): error TS1109: Expression expected.
node_modules/@types/node/util.d.ts(1521,17): error TS1005: ';' expected.
node_modules/@types/node/util.d.ts(1521,43): error TS1005: '(' expected.
node_modules/@types/node/util.d.ts(1525,26): error TS1005: ';' expected.
node_modules/@types/node/util.d.ts(1527,1): error TS1128: Declaration or statement expected.
node_modules/@types/node/vm.d.ts(696,40): error TS1005: ';' expected.
node_modules/@types/node/vm.d.ts(696,46): error TS1005: ';' expected.
npm ERR! code ELIFECYCLE
npm ERR! errno 2
npm ERR! @swagger/jquery-typescript-petstore@1.0.0 build: `tsc`
npm ERR! Exit status 2
npm ERR! 
npm ERR! Failed at the @swagger/jquery-typescript-petstore@1.0.0 build script.
npm ERR! This is probably not a problem with npm. There is likely additional logging output above.

npm ERR! A complete log of this run can be found in:
npm ERR!     /home/runner/.npm/_logs/2023-05-18T06_12_25_800Z-debug.log
