
****** BUILD ******


****** executing: gradle wrapper ******


Welcome to Gradle 8.3!

Here are the highlights of this release:
 - Faster Java compilation
 - Reduced memory usage
 - Support for running on Java 20

For more details see https://docs.gradle.org/8.3/release-notes.html

Starting a Gradle Daemon (subsequent builds will be faster)
> Task :wrapper

BUILD SUCCESSFUL in 37s
1 actionable task: 1 executed

****** executing: ./gradlew check assemble ******

Downloading https://services.gradle.org/distributions/gradle-7.5-all.zip
...............10%................20%................30%................40%................50%................60%...............70%................80%................90%................100%

Welcome to Gradle 7.5!

Here are the highlights of this release:
 - Support for Java 18
 - Support for building with Groovy 4
 - Much more responsive continuous builds
 - Improved diagnostics for dependency resolution

For more details see https://docs.gradle.org/7.5/release-notes.html

Starting a Gradle Daemon (subsequent builds will be faster)
> Task :processResources NO-SOURCE
> Task :processTestResources NO-SOURCE

> Task :compileKotlin FAILED
e: file:///home/runner/work/swagger-codegen/swagger-codegen/generated/kotlin-threetenbp___petstore___/src/main/kotlin/io/swagger/client/apis/PetApi.kt:18:12 Unresolved reference: threeten
e: file:///home/runner/work/swagger-codegen/swagger-codegen/generated/kotlin-threetenbp___petstore___/src/main/kotlin/io/swagger/client/apis/StoreApi.kt:17:12 Unresolved reference: threeten
e: file:///home/runner/work/swagger-codegen/swagger-codegen/generated/kotlin-threetenbp___petstore___/src/main/kotlin/io/swagger/client/apis/UserApi.kt:17:12 Unresolved reference: threeten
e: file:///home/runner/work/swagger-codegen/swagger-codegen/generated/kotlin-threetenbp___petstore___/src/main/kotlin/io/swagger/client/models/ApiResponse.kt:14:12 Unresolved reference: threeten
e: file:///home/runner/work/swagger-codegen/swagger-codegen/generated/kotlin-threetenbp___petstore___/src/main/kotlin/io/swagger/client/models/Category.kt:14:12 Unresolved reference: threeten
e: file:///home/runner/work/swagger-codegen/swagger-codegen/generated/kotlin-threetenbp___petstore___/src/main/kotlin/io/swagger/client/models/Order.kt:14:12 Unresolved reference: threeten
e: file:///home/runner/work/swagger-codegen/swagger-codegen/generated/kotlin-threetenbp___petstore___/src/main/kotlin/io/swagger/client/models/Order.kt:29:23 Unresolved reference: threeten
e: file:///home/runner/work/swagger-codegen/swagger-codegen/generated/kotlin-threetenbp___petstore___/src/main/kotlin/io/swagger/client/models/Pet.kt:16:12 Unresolved reference: threeten
e: file:///home/runner/work/swagger-codegen/swagger-codegen/generated/kotlin-threetenbp___petstore___/src/main/kotlin/io/swagger/client/models/Tag.kt:14:12 Unresolved reference: threeten
e: file:///home/runner/work/swagger-codegen/swagger-codegen/generated/kotlin-threetenbp___petstore___/src/main/kotlin/io/swagger/client/models/User.kt:14:12 Unresolved reference: threeten

FAILURE: Build failed with an exception.

* What went wrong:
Execution failed for task ':compileKotlin'.
> A failure occurred while executing org.jetbrains.kotlin.compilerRunner.GradleCompilerRunnerWithWorkers$GradleKotlinCompilerWorkAction
   > Compilation error. See log for more details

* Try:
> Run with --stacktrace option to get the stack trace.
> Run with --info or --debug option to get more log output.
> Run with --scan to get full insights.

* Get more help at https://help.gradle.org

BUILD FAILED in 37s
1 actionable task: 1 executed
