
****** BUILD ******


****** executing: python3 setup.py install --user ******

running install
/opt/hostedtoolcache/Python/3.11.3/x64/lib/python3.11/site-packages/setuptools/command/install.py:34: SetuptoolsDeprecationWarning: setup.py install is deprecated. Use build and pip and other standards-based tools.
  warnings.warn(
/opt/hostedtoolcache/Python/3.11.3/x64/lib/python3.11/site-packages/setuptools/command/easy_install.py:144: EasyInstallDeprecationWarning: easy_install command is deprecated. Use build and pip and other standards-based tools.
  warnings.warn(
running bdist_egg
running egg_info
creating swagger_server.egg-info
writing swagger_server.egg-info/PKG-INFO
writing dependency_links to swagger_server.egg-info/dependency_links.txt
writing entry points to swagger_server.egg-info/entry_points.txt
writing requirements to swagger_server.egg-info/requires.txt
writing top-level names to swagger_server.egg-info/top_level.txt
writing manifest file 'swagger_server.egg-info/SOURCES.txt'
reading manifest file 'swagger_server.egg-info/SOURCES.txt'
writing manifest file 'swagger_server.egg-info/SOURCES.txt'
installing library code to build/bdist.linux-x86_64/egg
running install_lib
running build_py
creating build
creating build/lib
creating build/lib/swagger_server
copying swagger_server/__main__.py -> build/lib/swagger_server
copying swagger_server/type_util.py -> build/lib/swagger_server
copying swagger_server/encoder.py -> build/lib/swagger_server
copying swagger_server/__init__.py -> build/lib/swagger_server
copying swagger_server/util.py -> build/lib/swagger_server
creating build/lib/swagger_server/models
copying swagger_server/models/customer.py -> build/lib/swagger_server/models
copying swagger_server/models/pet.py -> build/lib/swagger_server/models
copying swagger_server/models/user.py -> build/lib/swagger_server/models
copying swagger_server/models/category.py -> build/lib/swagger_server/models
copying swagger_server/models/order.py -> build/lib/swagger_server/models
copying swagger_server/models/tag.py -> build/lib/swagger_server/models
copying swagger_server/models/base_model_.py -> build/lib/swagger_server/models
copying swagger_server/models/__init__.py -> build/lib/swagger_server/models
copying swagger_server/models/api_response.py -> build/lib/swagger_server/models
copying swagger_server/models/address.py -> build/lib/swagger_server/models
creating build/lib/swagger_server/controllers
copying swagger_server/controllers/store_controller.py -> build/lib/swagger_server/controllers
copying swagger_server/controllers/pet_controller.py -> build/lib/swagger_server/controllers
copying swagger_server/controllers/user_controller.py -> build/lib/swagger_server/controllers
copying swagger_server/controllers/authorization_controller.py -> build/lib/swagger_server/controllers
copying swagger_server/controllers/__init__.py -> build/lib/swagger_server/controllers
creating build/lib/swagger_server/test
copying swagger_server/test/test_user_controller.py -> build/lib/swagger_server/test
copying swagger_server/test/test_store_controller.py -> build/lib/swagger_server/test
copying swagger_server/test/test_pet_controller.py -> build/lib/swagger_server/test
copying swagger_server/test/__init__.py -> build/lib/swagger_server/test
/opt/hostedtoolcache/Python/3.11.3/x64/lib/python3.11/site-packages/setuptools/command/build_py.py:202: SetuptoolsDeprecationWarning:     Installing 'swagger_server.swagger' as data is deprecated, please list it in `packages`.
    !!


    ############################
    # Package would be ignored #
    ############################
    Python recognizes 'swagger_server.swagger' as an importable package,
    but it is not listed in the `packages` configuration of setuptools.

    'swagger_server.swagger' has been automatically added to the distribution only
    because it may contain data files, but this behavior is likely to change
    in future versions of setuptools (and therefore is considered deprecated).

    Please make sure that 'swagger_server.swagger' is included as a package by using
    the `packages` configuration field or the proper discovery methods
    (for example by using `find_namespace_packages(...)`/`find_namespace:`
    instead of `find_packages(...)`/`find:`).

    You can read more about "package discovery" and "data files" on setuptools
    documentation page.


!!

  check.warn(importable)
creating build/lib/swagger_server/swagger
copying swagger_server/swagger/swagger.yaml -> build/lib/swagger_server/swagger
creating build/bdist.linux-x86_64
creating build/bdist.linux-x86_64/egg
creating build/bdist.linux-x86_64/egg/swagger_server
creating build/bdist.linux-x86_64/egg/swagger_server/swagger
copying build/lib/swagger_server/swagger/swagger.yaml -> build/bdist.linux-x86_64/egg/swagger_server/swagger
creating build/bdist.linux-x86_64/egg/swagger_server/models
copying build/lib/swagger_server/models/customer.py -> build/bdist.linux-x86_64/egg/swagger_server/models
copying build/lib/swagger_server/models/pet.py -> build/bdist.linux-x86_64/egg/swagger_server/models
copying build/lib/swagger_server/models/user.py -> build/bdist.linux-x86_64/egg/swagger_server/models
copying build/lib/swagger_server/models/category.py -> build/bdist.linux-x86_64/egg/swagger_server/models
copying build/lib/swagger_server/models/order.py -> build/bdist.linux-x86_64/egg/swagger_server/models
copying build/lib/swagger_server/models/tag.py -> build/bdist.linux-x86_64/egg/swagger_server/models
copying build/lib/swagger_server/models/base_model_.py -> build/bdist.linux-x86_64/egg/swagger_server/models
copying build/lib/swagger_server/models/__init__.py -> build/bdist.linux-x86_64/egg/swagger_server/models
copying build/lib/swagger_server/models/api_response.py -> build/bdist.linux-x86_64/egg/swagger_server/models
copying build/lib/swagger_server/models/address.py -> build/bdist.linux-x86_64/egg/swagger_server/models
copying build/lib/swagger_server/__main__.py -> build/bdist.linux-x86_64/egg/swagger_server
copying build/lib/swagger_server/type_util.py -> build/bdist.linux-x86_64/egg/swagger_server
creating build/bdist.linux-x86_64/egg/swagger_server/controllers
copying build/lib/swagger_server/controllers/store_controller.py -> build/bdist.linux-x86_64/egg/swagger_server/controllers
copying build/lib/swagger_server/controllers/pet_controller.py -> build/bdist.linux-x86_64/egg/swagger_server/controllers
copying build/lib/swagger_server/controllers/user_controller.py -> build/bdist.linux-x86_64/egg/swagger_server/controllers
copying build/lib/swagger_server/controllers/authorization_controller.py -> build/bdist.linux-x86_64/egg/swagger_server/controllers
copying build/lib/swagger_server/controllers/__init__.py -> build/bdist.linux-x86_64/egg/swagger_server/controllers
copying build/lib/swagger_server/encoder.py -> build/bdist.linux-x86_64/egg/swagger_server
copying build/lib/swagger_server/__init__.py -> build/bdist.linux-x86_64/egg/swagger_server
copying build/lib/swagger_server/util.py -> build/bdist.linux-x86_64/egg/swagger_server
creating build/bdist.linux-x86_64/egg/swagger_server/test
copying build/lib/swagger_server/test/test_user_controller.py -> build/bdist.linux-x86_64/egg/swagger_server/test
copying build/lib/swagger_server/test/test_store_controller.py -> build/bdist.linux-x86_64/egg/swagger_server/test
copying build/lib/swagger_server/test/test_pet_controller.py -> build/bdist.linux-x86_64/egg/swagger_server/test
copying build/lib/swagger_server/test/__init__.py -> build/bdist.linux-x86_64/egg/swagger_server/test
byte-compiling build/bdist.linux-x86_64/egg/swagger_server/models/customer.py to customer.cpython-311.pyc
byte-compiling build/bdist.linux-x86_64/egg/swagger_server/models/pet.py to pet.cpython-311.pyc
byte-compiling build/bdist.linux-x86_64/egg/swagger_server/models/user.py to user.cpython-311.pyc
byte-compiling build/bdist.linux-x86_64/egg/swagger_server/models/category.py to category.cpython-311.pyc
byte-compiling build/bdist.linux-x86_64/egg/swagger_server/models/order.py to order.cpython-311.pyc
byte-compiling build/bdist.linux-x86_64/egg/swagger_server/models/tag.py to tag.cpython-311.pyc
byte-compiling build/bdist.linux-x86_64/egg/swagger_server/models/base_model_.py to base_model_.cpython-311.pyc
byte-compiling build/bdist.linux-x86_64/egg/swagger_server/models/__init__.py to __init__.cpython-311.pyc
byte-compiling build/bdist.linux-x86_64/egg/swagger_server/models/api_response.py to api_response.cpython-311.pyc
byte-compiling build/bdist.linux-x86_64/egg/swagger_server/models/address.py to address.cpython-311.pyc
byte-compiling build/bdist.linux-x86_64/egg/swagger_server/__main__.py to __main__.cpython-311.pyc
byte-compiling build/bdist.linux-x86_64/egg/swagger_server/type_util.py to type_util.cpython-311.pyc
byte-compiling build/bdist.linux-x86_64/egg/swagger_server/controllers/store_controller.py to store_controller.cpython-311.pyc
byte-compiling build/bdist.linux-x86_64/egg/swagger_server/controllers/pet_controller.py to pet_controller.cpython-311.pyc
byte-compiling build/bdist.linux-x86_64/egg/swagger_server/controllers/user_controller.py to user_controller.cpython-311.pyc
byte-compiling build/bdist.linux-x86_64/egg/swagger_server/controllers/authorization_controller.py to authorization_controller.cpython-311.pyc
byte-compiling build/bdist.linux-x86_64/egg/swagger_server/controllers/__init__.py to __init__.cpython-311.pyc
Sorry: ValueError: source code string cannot contain null bytes
byte-compiling build/bdist.linux-x86_64/egg/swagger_server/encoder.py to encoder.cpython-311.pyc
byte-compiling build/bdist.linux-x86_64/egg/swagger_server/__init__.py to __init__.cpython-311.pyc
Sorry: ValueError: source code string cannot contain null bytes
byte-compiling build/bdist.linux-x86_64/egg/swagger_server/util.py to util.cpython-311.pyc
byte-compiling build/bdist.linux-x86_64/egg/swagger_server/test/test_user_controller.py to test_user_controller.cpython-311.pyc
  File "build/bdist.linux-x86_64/egg/swagger_server/test/test_user_controller.py", line 33
    data=data,
    ^^^^^^^^^
SyntaxError: keyword argument repeated: data

byte-compiling build/bdist.linux-x86_64/egg/swagger_server/test/test_store_controller.py to test_store_controller.cpython-311.pyc
  File "build/bdist.linux-x86_64/egg/swagger_server/test/test_store_controller.py", line 64
    data=data,
    ^^^^^^^^^
SyntaxError: keyword argument repeated: data

byte-compiling build/bdist.linux-x86_64/egg/swagger_server/test/test_pet_controller.py to test_pet_controller.cpython-311.pyc
  File "build/bdist.linux-x86_64/egg/swagger_server/test/test_pet_controller.py", line 34
    data=data,
    ^^^^^^^^^
SyntaxError: keyword argument repeated: data

byte-compiling build/bdist.linux-x86_64/egg/swagger_server/test/__init__.py to __init__.cpython-311.pyc
creating build/bdist.linux-x86_64/egg/EGG-INFO
copying swagger_server.egg-info/PKG-INFO -> build/bdist.linux-x86_64/egg/EGG-INFO
copying swagger_server.egg-info/SOURCES.txt -> build/bdist.linux-x86_64/egg/EGG-INFO
copying swagger_server.egg-info/dependency_links.txt -> build/bdist.linux-x86_64/egg/EGG-INFO
copying swagger_server.egg-info/entry_points.txt -> build/bdist.linux-x86_64/egg/EGG-INFO
copying swagger_server.egg-info/requires.txt -> build/bdist.linux-x86_64/egg/EGG-INFO
copying swagger_server.egg-info/top_level.txt -> build/bdist.linux-x86_64/egg/EGG-INFO
zip_safe flag not set; analyzing archive contents...
creating dist
creating 'dist/swagger_server-1.0.0-py3.11.egg' and adding 'build/bdist.linux-x86_64/egg' to it
removing 'build/bdist.linux-x86_64/egg' (and everything under it)
Processing swagger_server-1.0.0-py3.11.egg
Copying swagger_server-1.0.0-py3.11.egg to /home/runner/.local/lib/python3.11/site-packages
Adding swagger-server 1.0.0 to easy-install.pth file
Installing swagger_server script to /home/runner/.local/bin

Installed /home/runner/.local/lib/python3.11/site-packages/swagger_server-1.0.0-py3.11.egg
Processing dependencies for swagger-server==1.0.0
Searching for swagger-ui-bundle>=0.0.2
Reading https://pypi.org/simple/swagger-ui-bundle/
/opt/hostedtoolcache/Python/3.11.3/x64/lib/python3.11/site-packages/pkg_resources/__init__.py:123: PkgResourcesDeprecationWarning:  is an invalid version and will not be supported in a future release
  warnings.warn(
Downloading https://files.pythonhosted.org/packages/f1/4e/920b2cece4bc0367a60a53dcdb63ad210ea8bfe1fcebb35c6e5f47a69259/swagger_ui_bundle-0.0.9-py3-none-any.whl#sha256=cea116ed81147c345001027325c1ddc9ca78c1ee7319935c3c75d3669279d575
Best match: swagger-ui-bundle 0.0.9
Processing swagger_ui_bundle-0.0.9-py3-none-any.whl
Installing swagger_ui_bundle-0.0.9-py3-none-any.whl to /home/runner/.local/lib/python3.11/site-packages
Adding swagger-ui-bundle 0.0.9 to easy-install.pth file

Installed /home/runner/.local/lib/python3.11/site-packages/swagger_ui_bundle-0.0.9-py3.11.egg
Searching for connexion
Reading https://pypi.org/simple/connexion/
Downloading https://files.pythonhosted.org/packages/f0/36/b30f7952aed9a6e8078eaf78f842b3e54a43020770f97f305e3162b0aab8/connexion-3.0.0a6-py3-none-any.whl#sha256=6cee701c7a3a00598a172d6288c1c7e5e402250076cfded5e2ad28d62db98815
Best match: connexion 3.0.0a6
Processing connexion-3.0.0a6-py3-none-any.whl
Installing connexion-3.0.0a6-py3-none-any.whl to /home/runner/.local/lib/python3.11/site-packages
Adding connexion 3.0.0a6 to easy-install.pth file
Installing connexion script to /home/runner/.local/bin

Installed /home/runner/.local/lib/python3.11/site-packages/connexion-3.0.0a6-py3.11.egg
Searching for Jinja2>=2.0
Reading https://pypi.org/simple/Jinja2/
Downloading https://files.pythonhosted.org/packages/bc/c3/f068337a370801f372f2f8f6bad74a5c140f6fda3d9de154052708dd3c65/Jinja2-3.1.2-py3-none-any.whl#sha256=6088930bfe239f0e6710546ab9c19c9ef35e29792895fed6e6e31a023a182a61
Best match: Jinja2 3.1.2
Processing Jinja2-3.1.2-py3-none-any.whl
Installing Jinja2-3.1.2-py3-none-any.whl to /home/runner/.local/lib/python3.11/site-packages
Adding Jinja2 3.1.2 to easy-install.pth file

Installed /home/runner/.local/lib/python3.11/site-packages/Jinja2-3.1.2-py3.11.egg
Searching for werkzeug<3.0.0,>=2.2.1
Reading https://pypi.org/simple/werkzeug/
Downloading https://files.pythonhosted.org/packages/c2/2f/f0dc628295bd23571c962d5a349307d9c8796a05bfca6571659eaded38e2/Werkzeug-2.3.4-py3-none-any.whl#sha256=48e5e61472fee0ddee27ebad085614ebedb7af41e88f687aaf881afb723a162f
Best match: Werkzeug 2.3.4
Processing Werkzeug-2.3.4-py3-none-any.whl
Installing Werkzeug-2.3.4-py3-none-any.whl to /home/runner/.local/lib/python3.11/site-packages
Adding Werkzeug 2.3.4 to easy-install.pth file

Installed /home/runner/.local/lib/python3.11/site-packages/Werkzeug-2.3.4-py3.11.egg
Searching for typing-extensions<5,>=4
Reading https://pypi.org/simple/typing-extensions/
Downloading https://files.pythonhosted.org/packages/31/25/5abcd82372d3d4a3932e1fa8c3dbf9efac10cc7c0d16e78467460571b404/typing_extensions-4.5.0-py3-none-any.whl#sha256=fb33085c39dd998ac16d1431ebc293a8b3eedd00fd4a32de0ff79002c19511b4
Best match: typing-extensions 4.5.0
Processing typing_extensions-4.5.0-py3-none-any.whl
Installing typing_extensions-4.5.0-py3-none-any.whl to /home/runner/.local/lib/python3.11/site-packages
Adding typing-extensions 4.5.0 to easy-install.pth file

Installed /home/runner/.local/lib/python3.11/site-packages/typing_extensions-4.5.0-py3.11.egg
Searching for starlette<0.26,>=0.25
Reading https://pypi.org/simple/starlette/
Downloading https://files.pythonhosted.org/packages/b0/56/e7e16e133428ce19ff429d3d71aa7114048730385eea7d0985df5cf9aed6/starlette-0.25.0-py3-none-any.whl#sha256=774f1df1983fd594b9b6fb3ded39c2aa1979d10ac45caac0f4255cbe2acb8628
Best match: starlette 0.25.0
Processing starlette-0.25.0-py3-none-any.whl
Installing starlette-0.25.0-py3-none-any.whl to /home/runner/.local/lib/python3.11/site-packages
Adding starlette 0.25.0 to easy-install.pth file

Installed /home/runner/.local/lib/python3.11/site-packages/starlette-0.25.0-py3.11.egg
Searching for requests<3.0,>=2.27
Reading https://pypi.org/simple/requests/
Downloading https://files.pythonhosted.org/packages/96/80/034ffeca15c0f4e01b7b9c6ad0fb704b44e190cde4e757edbd60be404c41/requests-2.30.0-py3-none-any.whl#sha256=10e94cc4f3121ee6da529d358cdaeaff2f1c409cd377dbc72b825852f2f7e294
Best match: requests 2.30.0
Processing requests-2.30.0-py3-none-any.whl
Installing requests-2.30.0-py3-none-any.whl to /home/runner/.local/lib/python3.11/site-packages
Adding requests 2.30.0 to easy-install.pth file

Installed /home/runner/.local/lib/python3.11/site-packages/requests-2.30.0-py3.11.egg
Searching for python-multipart<0.1.0,>=0.0.5
Reading https://pypi.org/simple/python-multipart/
/opt/hostedtoolcache/Python/3.11.3/x64/lib/python3.11/site-packages/pkg_resources/__init__.py:123: PkgResourcesDeprecationWarning: multipart-0.0.1 is an invalid version and will not be supported in a future release
  warnings.warn(
/opt/hostedtoolcache/Python/3.11.3/x64/lib/python3.11/site-packages/pkg_resources/__init__.py:123: PkgResourcesDeprecationWarning: multipart-0.0.2 is an invalid version and will not be supported in a future release
  warnings.warn(
/opt/hostedtoolcache/Python/3.11.3/x64/lib/python3.11/site-packages/pkg_resources/__init__.py:123: PkgResourcesDeprecationWarning: multipart-0.0.3 is an invalid version and will not be supported in a future release
  warnings.warn(
/opt/hostedtoolcache/Python/3.11.3/x64/lib/python3.11/site-packages/pkg_resources/__init__.py:123: PkgResourcesDeprecationWarning: multipart-0.0.4 is an invalid version and will not be supported in a future release
  warnings.warn(
/opt/hostedtoolcache/Python/3.11.3/x64/lib/python3.11/site-packages/pkg_resources/__init__.py:123: PkgResourcesDeprecationWarning: multipart-0.0.5 is an invalid version and will not be supported in a future release
  warnings.warn(
Downloading https://files.pythonhosted.org/packages/b4/ff/b1e11d8bffb5e0e1b6d27f402eeedbeb9be6df2cdbc09356a1ae49806dbf/python_multipart-0.0.6-py3-none-any.whl#sha256=ee698bab5ef148b0a760751c261902cd096e57e10558e11aca17646b74ee1c18
Best match: python-multipart 0.0.6
Processing python_multipart-0.0.6-py3-none-any.whl
Installing python_multipart-0.0.6-py3-none-any.whl to /home/runner/.local/lib/python3.11/site-packages
Adding python-multipart 0.0.6 to easy-install.pth file

Installed /home/runner/.local/lib/python3.11/site-packages/python_multipart-0.0.6-py3.11.egg
Searching for jsonschema<5.0.0,>=4.0.1
Reading https://pypi.org/simple/jsonschema/
Downloading https://files.pythonhosted.org/packages/81/d7/6e5f646977cb0fcaccfaef37d84aebade7fbe7fbc5f335b2088f9a71af91/jsonschema-4.18.0a7-py3-none-any.whl#sha256=112d303b0291095108013e712d4038d85f11dfc6b0141430932fce7c33d221b8
Best match: jsonschema 4.18.0a7
Processing jsonschema-4.18.0a7-py3-none-any.whl
Installing jsonschema-4.18.0a7-py3-none-any.whl to /home/runner/.local/lib/python3.11/site-packages
Adding jsonschema 4.18.0a7 to easy-install.pth file
Installing jsonschema script to /home/runner/.local/bin

Installed /home/runner/.local/lib/python3.11/site-packages/jsonschema-4.18.0a7-py3.11.egg
Searching for inflection<0.6,>=0.3.1
Reading https://pypi.org/simple/inflection/
Downloading https://files.pythonhosted.org/packages/59/91/aa6bde563e0085a02a435aa99b49ef75b0a4b062635e606dab23ce18d720/inflection-0.5.1-py2.py3-none-any.whl#sha256=f38b2b640938a4f35ade69ac3d053042959b62a0f1076a5bbaa1b9526605a8a2
Best match: inflection 0.5.1
Processing inflection-0.5.1-py2.py3-none-any.whl
Installing inflection-0.5.1-py2.py3-none-any.whl to /home/runner/.local/lib/python3.11/site-packages
Adding inflection 0.5.1 to easy-install.pth file

Installed /home/runner/.local/lib/python3.11/site-packages/inflection-0.5.1-py3.11.egg
Searching for httpx<0.24,>=0.23
Reading https://pypi.org/simple/httpx/
Downloading https://files.pythonhosted.org/packages/ac/a2/0260c0f5d73bdf06e8d3fc1013a82b9f0633dc21750c9e3f3cb1dba7bb8c/httpx-0.23.3-py3-none-any.whl#sha256=a211fcce9b1254ea24f0cd6af9869b3d29aba40154e947d2a07bb499b3e310d6
Best match: httpx 0.23.3
Processing httpx-0.23.3-py3-none-any.whl
Installing httpx-0.23.3-py3-none-any.whl to /home/runner/.local/lib/python3.11/site-packages
Adding httpx 0.23.3 to easy-install.pth file
Installing httpx script to /home/runner/.local/bin

Installed /home/runner/.local/lib/python3.11/site-packages/httpx-0.23.3-py3.11.egg
Searching for clickclick<21,>=1.2
Reading https://pypi.org/simple/clickclick/
Downloading https://files.pythonhosted.org/packages/7a/7e/c08007d3fb2bbefb430437a3573373590abedc03566b785d7d6763b22480/clickclick-20.10.2-py2.py3-none-any.whl#sha256=c8f33e6d9ec83f68416dd2136a7950125bd256ec39ccc9a85c6e280a16be2bb5
Best match: clickclick 20.10.2
Processing clickclick-20.10.2-py2.py3-none-any.whl
Installing clickclick-20.10.2-py2.py3-none-any.whl to /home/runner/.local/lib/python3.11/site-packages
Adding clickclick 20.10.2 to easy-install.pth file

Installed /home/runner/.local/lib/python3.11/site-packages/clickclick-20.10.2-py3.11.egg
Searching for asgiref<4.0,>=3.4
Reading https://pypi.org/simple/asgiref/
Downloading https://files.pythonhosted.org/packages/8f/29/38d10a47b322a77b2d12c2b79c789f52956f733cb701d4d5157c76b5f238/asgiref-3.6.0-py3-none-any.whl#sha256=71e68008da809b957b7ee4b43dbccff33d1b23519fb8344e33f049897077afac
Best match: asgiref 3.6.0
Processing asgiref-3.6.0-py3-none-any.whl
Installing asgiref-3.6.0-py3-none-any.whl to /home/runner/.local/lib/python3.11/site-packages
Adding asgiref 3.6.0 to easy-install.pth file

Installed /home/runner/.local/lib/python3.11/site-packages/asgiref-3.6.0-py3.11.egg
Searching for PyYAML<7,>=5.1
Reading https://pypi.org/simple/PyYAML/
Downloading https://files.pythonhosted.org/packages/56/8f/e8b49ad21d26111493dc2d5cae4d7efbd0e2e065440665f5023515f87f64/PyYAML-6.0-cp311-cp311-manylinux_2_17_x86_64.manylinux2014_x86_64.whl#sha256=432557aa2c09802be39460360ddffd48156e30721f5e8d917f01d31694216782
Best match: PyYAML 6.0
Processing PyYAML-6.0-cp311-cp311-manylinux_2_17_x86_64.manylinux2014_x86_64.whl
Installing PyYAML-6.0-cp311-cp311-manylinux_2_17_x86_64.manylinux2014_x86_64.whl to /home/runner/.local/lib/python3.11/site-packages
Adding PyYAML 6.0 to easy-install.pth file

Installed /home/runner/.local/lib/python3.11/site-packages/PyYAML-6.0-py3.11-linux-x86_64.egg
Searching for MarkupSafe>=2.0
Reading https://pypi.org/simple/MarkupSafe/
Downloading https://files.pythonhosted.org/packages/5a/94/d056bf5dbadf7f4b193ee2a132b3d49ffa1602371e3847518b2982045425/MarkupSafe-2.1.2-cp311-cp311-manylinux_2_17_x86_64.manylinux2014_x86_64.whl#sha256=f2bfb563d0211ce16b63c7cb9395d2c682a23187f54c3d79bfec33e6705473c6
Best match: MarkupSafe 2.1.2
Processing MarkupSafe-2.1.2-cp311-cp311-manylinux_2_17_x86_64.manylinux2014_x86_64.whl
Installing MarkupSafe-2.1.2-cp311-cp311-manylinux_2_17_x86_64.manylinux2014_x86_64.whl to /home/runner/.local/lib/python3.11/site-packages
Adding MarkupSafe 2.1.2 to easy-install.pth file

Installed /home/runner/.local/lib/python3.11/site-packages/MarkupSafe-2.1.2-py3.11-linux-x86_64.egg
Searching for anyio<5,>=3.4.0
Reading https://pypi.org/simple/anyio/
Downloading https://files.pythonhosted.org/packages/77/2b/b4c0b7a3f3d61adb1a1e0b78f90a94e2b6162a043880704b7437ef297cad/anyio-3.6.2-py3-none-any.whl#sha256=fbbe32bd270d2a2ef3ed1c5d45041250284e31fc0a4df4a5a6071842051a51e3
Best match: anyio 3.6.2
Processing anyio-3.6.2-py3-none-any.whl
Installing anyio-3.6.2-py3-none-any.whl to /home/runner/.local/lib/python3.11/site-packages
Adding anyio 3.6.2 to easy-install.pth file

Installed /home/runner/.local/lib/python3.11/site-packages/anyio-3.6.2-py3.11.egg
Searching for certifi>=2017.4.17
Reading https://pypi.org/simple/certifi/
Downloading https://files.pythonhosted.org/packages/9d/19/59961b522e6757f0c9097e4493fa906031b95b3ebe9360b2c3083561a6b4/certifi-2023.5.7-py3-none-any.whl#sha256=c6c2e98f5c7869efca1f8916fed228dd91539f9f1b444c314c06eef02980c716
Best match: certifi 2023.5.7
Processing certifi-2023.5.7-py3-none-any.whl
Installing certifi-2023.5.7-py3-none-any.whl to /home/runner/.local/lib/python3.11/site-packages
Adding certifi 2023.5.7 to easy-install.pth file

Installed /home/runner/.local/lib/python3.11/site-packages/certifi-2023.5.7-py3.11.egg
Searching for urllib3<3,>=1.21.1
Reading https://pypi.org/simple/urllib3/
Downloading https://files.pythonhosted.org/packages/4b/1d/f8383ef593114755429c307449e7717b87044b3bcd5f7860b89b1f759e34/urllib3-2.0.2-py3-none-any.whl#sha256=d055c2f9d38dc53c808f6fdc8eab7360b6fdbbde02340ed25cfbcd817c62469e
Best match: urllib3 2.0.2
Processing urllib3-2.0.2-py3-none-any.whl
Installing urllib3-2.0.2-py3-none-any.whl to /home/runner/.local/lib/python3.11/site-packages
Adding urllib3 2.0.2 to easy-install.pth file

Installed /home/runner/.local/lib/python3.11/site-packages/urllib3-2.0.2-py3.11.egg
Searching for idna<4,>=2.5
Reading https://pypi.org/simple/idna/
Downloading https://files.pythonhosted.org/packages/fc/34/3030de6f1370931b9dbb4dad48f6ab1015ab1d32447850b9fc94e60097be/idna-3.4-py3-none-any.whl#sha256=90b77e79eaa3eba6de819a0c442c0b4ceefc341a7a2ab77d7562bf49f425c5c2
Best match: idna 3.4
Processing idna-3.4-py3-none-any.whl
Installing idna-3.4-py3-none-any.whl to /home/runner/.local/lib/python3.11/site-packages
Adding idna 3.4 to easy-install.pth file

Installed /home/runner/.local/lib/python3.11/site-packages/idna-3.4-py3.11.egg
Searching for charset-normalizer<4,>=2
Reading https://pypi.org/simple/charset-normalizer/
/opt/hostedtoolcache/Python/3.11.3/x64/lib/python3.11/site-packages/pkg_resources/__init__.py:123: PkgResourcesDeprecationWarning: normalizer-1.4.0 is an invalid version and will not be supported in a future release
  warnings.warn(
/opt/hostedtoolcache/Python/3.11.3/x64/lib/python3.11/site-packages/pkg_resources/__init__.py:123: PkgResourcesDeprecationWarning: normalizer-1.4.1 is an invalid version and will not be supported in a future release
  warnings.warn(
/opt/hostedtoolcache/Python/3.11.3/x64/lib/python3.11/site-packages/pkg_resources/__init__.py:123: PkgResourcesDeprecationWarning: normalizer-2.0.0 is an invalid version and will not be supported in a future release
  warnings.warn(
/opt/hostedtoolcache/Python/3.11.3/x64/lib/python3.11/site-packages/pkg_resources/__init__.py:123: PkgResourcesDeprecationWarning: normalizer-2.0.1 is an invalid version and will not be supported in a future release
  warnings.warn(
/opt/hostedtoolcache/Python/3.11.3/x64/lib/python3.11/site-packages/pkg_resources/__init__.py:123: PkgResourcesDeprecationWarning: normalizer-2.0.2 is an invalid version and will not be supported in a future release
  warnings.warn(
/opt/hostedtoolcache/Python/3.11.3/x64/lib/python3.11/site-packages/pkg_resources/__init__.py:123: PkgResourcesDeprecationWarning: normalizer-2.0.3 is an invalid version and will not be supported in a future release
  warnings.warn(
/opt/hostedtoolcache/Python/3.11.3/x64/lib/python3.11/site-packages/pkg_resources/__init__.py:123: PkgResourcesDeprecationWarning: normalizer-2.0.4 is an invalid version and will not be supported in a future release
  warnings.warn(
/opt/hostedtoolcache/Python/3.11.3/x64/lib/python3.11/site-packages/pkg_resources/__init__.py:123: PkgResourcesDeprecationWarning: normalizer-2.0.5 is an invalid version and will not be supported in a future release
  warnings.warn(
/opt/hostedtoolcache/Python/3.11.3/x64/lib/python3.11/site-packages/pkg_resources/__init__.py:123: PkgResourcesDeprecationWarning: normalizer-2.0.6 is an invalid version and will not be supported in a future release
  warnings.warn(
/opt/hostedtoolcache/Python/3.11.3/x64/lib/python3.11/site-packages/pkg_resources/__init__.py:123: PkgResourcesDeprecationWarning: normalizer-2.0.7 is an invalid version and will not be supported in a future release
  warnings.warn(
/opt/hostedtoolcache/Python/3.11.3/x64/lib/python3.11/site-packages/pkg_resources/__init__.py:123: PkgResourcesDeprecationWarning: normalizer-2.0.8 is an invalid version and will not be supported in a future release
  warnings.warn(
/opt/hostedtoolcache/Python/3.11.3/x64/lib/python3.11/site-packages/pkg_resources/__init__.py:123: PkgResourcesDeprecationWarning: normalizer-2.0.9 is an invalid version and will not be supported in a future release
  warnings.warn(
/opt/hostedtoolcache/Python/3.11.3/x64/lib/python3.11/site-packages/pkg_resources/__init__.py:123: PkgResourcesDeprecationWarning: normalizer-2.0.10 is an invalid version and will not be supported in a future release
  warnings.warn(
/opt/hostedtoolcache/Python/3.11.3/x64/lib/python3.11/site-packages/pkg_resources/__init__.py:123: PkgResourcesDeprecationWarning: normalizer-2.0.11 is an invalid version and will not be supported in a future release
  warnings.warn(
/opt/hostedtoolcache/Python/3.11.3/x64/lib/python3.11/site-packages/pkg_resources/__init__.py:123: PkgResourcesDeprecationWarning: normalizer-2.0.12 is an invalid version and will not be supported in a future release
  warnings.warn(
/opt/hostedtoolcache/Python/3.11.3/x64/lib/python3.11/site-packages/pkg_resources/__init__.py:123: PkgResourcesDeprecationWarning: normalizer-2.1.0 is an invalid version and will not be supported in a future release
  warnings.warn(
/opt/hostedtoolcache/Python/3.11.3/x64/lib/python3.11/site-packages/pkg_resources/__init__.py:123: PkgResourcesDeprecationWarning: normalizer-2.1.1 is an invalid version and will not be supported in a future release
  warnings.warn(
/opt/hostedtoolcache/Python/3.11.3/x64/lib/python3.11/site-packages/pkg_resources/__init__.py:123: PkgResourcesDeprecationWarning: normalizer-3.0.0b1 is an invalid version and will not be supported in a future release
  warnings.warn(
/opt/hostedtoolcache/Python/3.11.3/x64/lib/python3.11/site-packages/pkg_resources/__init__.py:123: PkgResourcesDeprecationWarning: normalizer-3.0.0b2 is an invalid version and will not be supported in a future release
  warnings.warn(
/opt/hostedtoolcache/Python/3.11.3/x64/lib/python3.11/site-packages/pkg_resources/__init__.py:123: PkgResourcesDeprecationWarning: normalizer-3.0.0rc1 is an invalid version and will not be supported in a future release
  warnings.warn(
/opt/hostedtoolcache/Python/3.11.3/x64/lib/python3.11/site-packages/pkg_resources/__init__.py:123: PkgResourcesDeprecationWarning: normalizer-3.0.0 is an invalid version and will not be supported in a future release
  warnings.warn(
/opt/hostedtoolcache/Python/3.11.3/x64/lib/python3.11/site-packages/pkg_resources/__init__.py:123: PkgResourcesDeprecationWarning: normalizer-3.0.1 is an invalid version and will not be supported in a future release
  warnings.warn(
/opt/hostedtoolcache/Python/3.11.3/x64/lib/python3.11/site-packages/pkg_resources/__init__.py:123: PkgResourcesDeprecationWarning: normalizer-3.1.0 is an invalid version and will not be supported in a future release
  warnings.warn(
Downloading https://files.pythonhosted.org/packages/ef/81/14b3b8f01ddaddad6cdec97f2f599aa2fa466bd5ee9af99b08b7713ccd29/charset_normalizer-3.1.0-py3-none-any.whl#sha256=3d9098b479e78c85080c98e1e35ff40b4a31d8953102bb0fd7d1b6f8a2111a3d
Best match: charset-normalizer 3.1.0
Processing charset_normalizer-3.1.0-py3-none-any.whl
Installing charset_normalizer-3.1.0-py3-none-any.whl to /home/runner/.local/lib/python3.11/site-packages
Adding charset-normalizer 3.1.0 to easy-install.pth file
Installing normalizer script to /home/runner/.local/bin

Installed /home/runner/.local/lib/python3.11/site-packages/charset_normalizer-3.1.0-py3.11.egg
Searching for rpds-py>=0.7.1
Reading https://pypi.org/simple/rpds-py/
Downloading https://files.pythonhosted.org/packages/5a/53/5d6845d9c6aed768e11fcfbb9b5ba457745b62c542491c79e6e1009b2e80/rpds_py-0.7.1-cp38-abi3-manylinux_2_17_x86_64.manylinux2014_x86_64.whl#sha256=025b8101dbf39d77cf41ac3c737e4c713e0b2728a516443b382e66b9d492ff98
Best match: rpds-py 0.7.1
Processing rpds_py-0.7.1-cp38-abi3-manylinux_2_17_x86_64.manylinux2014_x86_64.whl
Installing rpds_py-0.7.1-cp38-abi3-manylinux_2_17_x86_64.manylinux2014_x86_64.whl to /home/runner/.local/lib/python3.11/site-packages
Adding rpds-py 0.7.1 to easy-install.pth file

Installed /home/runner/.local/lib/python3.11/site-packages/rpds_py-0.7.1-py3.11-linux-x86_64.egg
Searching for referencing>=0.27.2
Reading https://pypi.org/simple/referencing/
Downloading https://files.pythonhosted.org/packages/e8/e7/773d185d5de91a384be2f5c0f8d818857dbdf45762bf9f6c51927440ee63/referencing-0.28.1-py3-none-any.whl#sha256=e5b8634e6feeabfd1ce057eb71e9461048d33dbdc83de7fd5726f31519cad736
Best match: referencing 0.28.1
Processing referencing-0.28.1-py3-none-any.whl
Installing referencing-0.28.1-py3-none-any.whl to /home/runner/.local/lib/python3.11/site-packages
Adding referencing 0.28.1 to easy-install.pth file

Installed /home/runner/.local/lib/python3.11/site-packages/referencing-0.28.1-py3.11.egg
Searching for jsonschema-specifications>=2023.03.6
Reading https://pypi.org/simple/jsonschema-specifications/
Downloading https://files.pythonhosted.org/packages/de/5b/e74d5dcee46c38689c93038b0569881f57221a0847be54430d8deb7eb834/jsonschema_specifications-2023.3.6-py3-none-any.whl#sha256=a743d6acd3d6ce0aa4d691b001be145eb8d0075d5beb3ce77c4e17cb13ebf158
Best match: jsonschema-specifications 2023.3.6
Processing jsonschema_specifications-2023.3.6-py3-none-any.whl
Installing jsonschema_specifications-2023.3.6-py3-none-any.whl to /home/runner/.local/lib/python3.11/site-packages
Adding jsonschema-specifications 2023.3.6 to easy-install.pth file

Installed /home/runner/.local/lib/python3.11/site-packages/jsonschema_specifications-2023.3.6-py3.11.egg
Searching for attrs>=22.2.0
Reading https://pypi.org/simple/attrs/
Downloading https://files.pythonhosted.org/packages/f0/eb/fcb708c7bf5056045e9e98f62b93bd7467eb718b0202e7698eb11d66416c/attrs-23.1.0-py3-none-any.whl#sha256=1f28b4522cdc2fb4256ac1a020c78acf9cba2c6b461ccd2c126f3aa8e8335d04
Best match: attrs 23.1.0
Processing attrs-23.1.0-py3-none-any.whl
Installing attrs-23.1.0-py3-none-any.whl to /home/runner/.local/lib/python3.11/site-packages
Adding attrs 23.1.0 to easy-install.pth file

Installed /home/runner/.local/lib/python3.11/site-packages/attrs-23.1.0-py3.11.egg
Searching for sniffio
Reading https://pypi.org/simple/sniffio/
Downloading https://files.pythonhosted.org/packages/c3/a0/5dba8ed157b0136607c7f2151db695885606968d1fae123dc3391e0cfdbf/sniffio-1.3.0-py3-none-any.whl#sha256=eecefdce1e5bbfb7ad2eeaabf7c1eeb404d7757c379bd1f7e5cce9d8bf425384
Best match: sniffio 1.3.0
Processing sniffio-1.3.0-py3-none-any.whl
Installing sniffio-1.3.0-py3-none-any.whl to /home/runner/.local/lib/python3.11/site-packages
Adding sniffio 1.3.0 to easy-install.pth file

Installed /home/runner/.local/lib/python3.11/site-packages/sniffio-1.3.0-py3.11.egg
Searching for rfc3986[idna2008]<2,>=1.3
Reading https://pypi.org/simple/rfc3986/
Downloading https://files.pythonhosted.org/packages/c4/e5/63ca2c4edf4e00657584608bee1001302bbf8c5f569340b78304f2f446cb/rfc3986-1.5.0-py2.py3-none-any.whl#sha256=a86d6e1f5b1dc238b218b012df0aa79409667bb209e58da56d0b94704e712a97
Best match: rfc3986 1.5.0
Processing rfc3986-1.5.0-py2.py3-none-any.whl
Installing rfc3986-1.5.0-py2.py3-none-any.whl to /home/runner/.local/lib/python3.11/site-packages
Adding rfc3986 1.5.0 to easy-install.pth file

Installed /home/runner/.local/lib/python3.11/site-packages/rfc3986-1.5.0-py3.11.egg
Searching for httpcore<0.17.0,>=0.15.0
Reading https://pypi.org/simple/httpcore/
Downloading https://files.pythonhosted.org/packages/04/7e/ef97af4623024e8159993b3114ce208de4f677098ae058ec5882a1bf7605/httpcore-0.16.3-py3-none-any.whl#sha256=da1fb708784a938aa084bde4feb8317056c55037247c787bd7e19eb2c2949dc0
Best match: httpcore 0.16.3
Processing httpcore-0.16.3-py3-none-any.whl
Installing httpcore-0.16.3-py3-none-any.whl to /home/runner/.local/lib/python3.11/site-packages
Adding httpcore 0.16.3 to easy-install.pth file

Installed /home/runner/.local/lib/python3.11/site-packages/httpcore-0.16.3-py3.11.egg
Searching for click>=4.0
Reading https://pypi.org/simple/click/
Downloading https://files.pythonhosted.org/packages/c2/f1/df59e28c642d583f7dacffb1e0965d0e00b218e0186d7858ac5233dce840/click-8.1.3-py3-none-any.whl#sha256=bb4d8133cb15a609f44e8213d9b391b0809795062913b383c62be0ee95b1db48
Best match: click 8.1.3
Processing click-8.1.3-py3-none-any.whl
Installing click-8.1.3-py3-none-any.whl to /home/runner/.local/lib/python3.11/site-packages
Adding click 8.1.3 to easy-install.pth file

Installed /home/runner/.local/lib/python3.11/site-packages/click-8.1.3-py3.11.egg
Searching for h11<0.15,>=0.13
Reading https://pypi.org/simple/h11/
Downloading https://files.pythonhosted.org/packages/95/04/ff642e65ad6b90db43e668d70ffb6736436c7ce41fcc549f4e9472234127/h11-0.14.0-py3-none-any.whl#sha256=e3fe4ac4b851c468cc8363d500db52c2ead036020723024a109d37346efaa761
Best match: h11 0.14.0
Processing h11-0.14.0-py3-none-any.whl
Installing h11-0.14.0-py3-none-any.whl to /home/runner/.local/lib/python3.11/site-packages
Adding h11 0.14.0 to easy-install.pth file

Installed /home/runner/.local/lib/python3.11/site-packages/h11-0.14.0-py3.11.egg
Finished processing dependencies for swagger-server==1.0.0

****** executing: pip3 install nose2 --user ******

Collecting nose2
  Downloading nose2-0.13.0-py3-none-any.whl (205 kB)
     ━━━━━━━━━━━━━━━━━━━━━━━━━━━━━━━━━━━━━━━ 205.6/205.6 kB 5.9 MB/s eta 0:00:00
Installing collected packages: nose2
Successfully installed nose2-0.13.0

[notice] A new release of pip is available: 22.3.1 -> 23.1.2
[notice] To update, run: pip install --upgrade pip

****** executing: python3 -m nose2 ******

EEE
======================================================================
ERROR: swagger_server.test.test_user_controller (nose2.loader.ModuleImportFailure.swagger_server.test.test_user_controller)
----------------------------------------------------------------------
ImportError: Failed to import test module: swagger_server.test.test_user_controller
Traceback (most recent call last):
  File "/home/runner/.local/lib/python3.11/site-packages/nose2/plugins/loader/discovery.py", line 196, in _find_tests_in_file
    module = util.module_from_name(module_name)
             ^^^^^^^^^^^^^^^^^^^^^^^^^^^^^^^^^^
  File "/home/runner/.local/lib/python3.11/site-packages/nose2/util.py", line 73, in module_from_name
    __import__(name)
ValueError: source code string cannot contain null bytes


======================================================================
ERROR: swagger_server.test.test_store_controller (nose2.loader.ModuleImportFailure.swagger_server.test.test_store_controller)
----------------------------------------------------------------------
ImportError: Failed to import test module: swagger_server.test.test_store_controller
Traceback (most recent call last):
  File "/home/runner/.local/lib/python3.11/site-packages/nose2/plugins/loader/discovery.py", line 196, in _find_tests_in_file
    module = util.module_from_name(module_name)
             ^^^^^^^^^^^^^^^^^^^^^^^^^^^^^^^^^^
  File "/home/runner/.local/lib/python3.11/site-packages/nose2/util.py", line 73, in module_from_name
    __import__(name)
ValueError: source code string cannot contain null bytes


======================================================================
ERROR: swagger_server.test.test_pet_controller (nose2.loader.ModuleImportFailure.swagger_server.test.test_pet_controller)
----------------------------------------------------------------------
ImportError: Failed to import test module: swagger_server.test.test_pet_controller
Traceback (most recent call last):
  File "/home/runner/.local/lib/python3.11/site-packages/nose2/plugins/loader/discovery.py", line 196, in _find_tests_in_file
    module = util.module_from_name(module_name)
             ^^^^^^^^^^^^^^^^^^^^^^^^^^^^^^^^^^
  File "/home/runner/.local/lib/python3.11/site-packages/nose2/util.py", line 73, in module_from_name
    __import__(name)
ValueError: source code string cannot contain null bytes


----------------------------------------------------------------------
Ran 3 tests in 0.000s

FAILED (errors=3)
