
****** BUILD ******


****** executing: npm install ******

npm WARN deprecated request@2.88.2: request has been deprecated, see https://github.com/request/request/issues/3142
npm WARN deprecated har-validator@5.1.5: this library is no longer supported
npm WARN deprecated uuid@3.4.0: Please upgrade  to version 7 or higher.  Older versions may use Math.random() in certain circumstances, which is known to be problematic.  See https://v8.dev/blog/math-random for details.
npm notice created a lockfile as package-lock.json. You should commit this file.
added 56 packages from 116 contributors and audited 56 packages in 3.117s

3 packages are looking for funding
  run `npm fund` for details

found 2 moderate severity vulnerabilities
  run `npm audit fix` to fix them, or `npm audit` for details

****** executing: npm run build ******


> @swagger/jquery-typescript-petstore@1.0.0 build /home/runner/work/swagger-codegen/swagger-codegen/generated/typescript-node-with-npm___petstore-with-fake-endpoints___
> tsc

node_modules/@types/bluebird/index.d.ts(42,47): error TS1005: '?' expected.
node_modules/@types/bluebird/index.d.ts(42,59): error TS1005: ';' expected.
node_modules/@types/bluebird/index.d.ts(43,34): error TS1110: Type expected.
node_modules/@types/bluebird/index.d.ts(44,27): error TS1110: Type expected.
node_modules/@types/bluebird/index.d.ts(54,19): error TS1005: ']' expected.
node_modules/@types/bluebird/index.d.ts(54,22): error TS1005: ';' expected.
node_modules/@types/bluebird/index.d.ts(54,41): error TS1005: '(' expected.
node_modules/@types/bluebird/index.d.ts(54,42): error TS1135: Argument expression expected.
node_modules/@types/bluebird/index.d.ts(54,68): error TS1005: '(' expected.
node_modules/@types/bluebird/index.d.ts(55,1): error TS1128: Declaration or statement expected.
node_modules/@types/bluebird/index.d.ts(58,19): error TS1005: ']' expected.
node_modules/@types/bluebird/index.d.ts(58,22): error TS1005: ';' expected.
node_modules/@types/bluebird/index.d.ts(58,27): error TS1005: ';' expected.
node_modules/@types/bluebird/index.d.ts(58,52): error TS1005: ';' expected.
node_modules/@types/bluebird/index.d.ts(58,53): error TS1128: Declaration or statement expected.
node_modules/@types/bluebird/index.d.ts(59,1): error TS1128: Declaration or statement expected.
node_modules/@types/node/assert.d.ts(12,72): error TS1144: '{' or ';' expected.
node_modules/@types/node/assert.d.ts(290,72): error TS1144: '{' or ';' expected.
node_modules/@types/node/assert.d.ts(460,98): error TS1144: '{' or ';' expected.
node_modules/@types/node/assert.d.ts(460,105): error TS1005: ';' expected.
node_modules/@types/node/assert.d.ts(460,108): error TS1005: ';' expected.
node_modules/@types/node/assert.d.ts(492,102): error TS1144: '{' or ';' expected.
node_modules/@types/node/assert.d.ts(492,109): error TS1005: ';' expected.
node_modules/@types/node/assert.d.ts(492,112): error TS1005: ';' expected.
node_modules/@types/node/assert.d.ts(794,51): error TS1144: '{' or ';' expected.
node_modules/@types/node/assert.d.ts(794,57): error TS1005: ';' expected.
node_modules/@types/node/assert.d.ts(794,60): error TS1005: ';' expected.
node_modules/@types/node/assert.d.ts(976,69): error TS1005: ';' expected.
node_modules/@types/node/crypto.d.ts(3510,17): error TS1110: Type expected.
node_modules/@types/node/index.d.ts(73,1): error TS1084: Invalid 'reference' directive syntax.
node_modules/@types/node/index.d.ts(74,1): error TS1084: Invalid 'reference' directive syntax.
node_modules/@types/node/index.d.ts(75,1): error TS1084: Invalid 'reference' directive syntax.
node_modules/@types/node/index.d.ts(76,1): error TS1084: Invalid 'reference' directive syntax.
node_modules/@types/node/test.d.ts(273,26): error TS1005: ';' expected.
node_modules/@types/node/test.d.ts(273,33): error TS1011: An element access expression should take an argument.
node_modules/@types/node/test.d.ts(278,16): error TS1109: Expression expected.
node_modules/@types/node/test.d.ts(284,17): error TS1109: Expression expected.
node_modules/@types/node/test.d.ts(290,21): error TS1109: Expression expected.
node_modules/@types/node/test.d.ts(296,26): error TS1109: Expression expected.
node_modules/@types/node/test.d.ts(296,53): error TS1011: An element access expression should take an argument.
node_modules/@types/node/test.d.ts(296,64): error TS1011: An element access expression should take an argument.
node_modules/@types/node/test.d.ts(300,14): error TS1109: Expression expected.
node_modules/@types/node/test.d.ts(304,15): error TS1109: Expression expected.
node_modules/@types/node/test.d.ts(304,38): error TS1109: Expression expected.
node_modules/@types/node/test.d.ts(304,53): error TS1005: '(' expected.
node_modules/@types/node/test.d.ts(309,15): error TS1109: Expression expected.
node_modules/@types/node/test.d.ts(314,15): error TS1109: Expression expected.
node_modules/@types/node/test.d.ts(876,34): error TS1005: '?' expected.
node_modules/@types/node/test.d.ts(876,63): error TS1005: ':' expected.
node_modules/@types/node/test.d.ts(877,13): error TS1005: ',' expected.
node_modules/@types/node/test.d.ts(879,34): error TS1005: '?' expected.
node_modules/@types/node/test.d.ts(879,63): error TS1005: ':' expected.
node_modules/@types/node/test.d.ts(880,13): error TS1005: ',' expected.
node_modules/@types/node/test.d.ts(880,22): error TS1005: ',' expected.
node_modules/@types/node/test.d.ts(881,5): error TS1109: Expression expected.
node_modules/@types/node/test.d.ts(885,24): error TS1005: ',' expected.
node_modules/@types/node/test.d.ts(889,35): error TS1005: ',' expected.
node_modules/@types/node/test.d.ts(895,39): error TS1005: ',' expected.
node_modules/@types/node/test.d.ts(899,21): error TS1005: ',' expected.
node_modules/@types/node/test.d.ts(904,19): error TS1005: ',' expected.
node_modules/@types/node/test.d.ts(904,27): error TS1005: ':' expected.
node_modules/@types/node/test.d.ts(904,36): error TS1005: ',' expected.
node_modules/@types/node/test.d.ts(904,54): error TS1005: '{' expected.
node_modules/@types/node/test.d.ts(904,63): error TS1005: ':' expected.
node_modules/@types/node/test.d.ts(904,65): error TS1005: ',' expected.
node_modules/@types/node/test.d.ts(904,76): error TS1005: ':' expected.
node_modules/@types/node/test.d.ts(908,22): error TS1005: ',' expected.
node_modules/@types/node/test.d.ts(1171,1): error TS1128: Declaration or statement expected.
node_modules/@types/node/util.d.ts(1605,42): error TS1005: ',' expected.
node_modules/@types/node/util.d.ts(1605,44): error TS1068: Unexpected token. A constructor, method, accessor, or property was expected.
node_modules/@types/node/util.d.ts(1605,57): error TS1005: ';' expected.
node_modules/@types/node/util.d.ts(1605,65): error TS1005: ';' expected.
node_modules/@types/node/util.d.ts(1605,66): error TS1109: Expression expected.
node_modules/@types/node/util.d.ts(1605,67): error TS1109: Expression expected.
node_modules/@types/node/util.d.ts(1611,17): error TS1005: ',' expected.
node_modules/@types/node/util.d.ts(1611,26): error TS1005: ';' expected.
node_modules/@types/node/util.d.ts(1615,17): error TS1005: ',' expected.
node_modules/@types/node/util.d.ts(1615,26): error TS1005: ';' expected.
node_modules/@types/node/util.d.ts(1631,15): error TS1005: ';' expected.
node_modules/@types/node/util.d.ts(1631,41): error TS1005: '(' expected.
node_modules/@types/node/util.d.ts(1646,17): error TS1005: ',' expected.
node_modules/@types/node/util.d.ts(1646,32): error TS1005: ',' expected.
node_modules/@types/node/util.d.ts(1646,41): error TS1005: ';' expected.
node_modules/@types/node/util.d.ts(1646,47): error TS1109: Expression expected.
node_modules/@types/node/util.d.ts(1650,17): error TS1005: ';' expected.
node_modules/@types/node/util.d.ts(1650,43): error TS1005: '(' expected.
node_modules/@types/node/util.d.ts(1654,26): error TS1005: ';' expected.
node_modules/@types/node/util.d.ts(1656,1): error TS1128: Declaration or statement expected.
node_modules/@types/node/vm.d.ts(703,40): error TS1005: ';' expected.
node_modules/@types/node/vm.d.ts(703,46): error TS1005: ';' expected.
npm ERR! code ELIFECYCLE
npm ERR! errno 2
npm ERR! @swagger/jquery-typescript-petstore@1.0.0 build: `tsc`
npm ERR! Exit status 2
npm ERR! 
npm ERR! Failed at the @swagger/jquery-typescript-petstore@1.0.0 build script.
npm ERR! This is probably not a problem with npm. There is likely additional logging output above.

npm ERR! A complete log of this run can be found in:
npm ERR!     /home/runner/.npm/_logs/2023-10-02T11_14_31_817Z-debug.log
