
****** BUILD ******


****** executing: npm i ******

npm WARN deprecated sourcemap-codec@1.4.8: Please use @jridgewell/sourcemap-codec instead
npm WARN deprecated @npmcli/move-file@1.1.2: This functionality has been moved to @npmcli/fs
npm WARN deprecated source-map-resolve@0.6.0: See https://github.com/lydell/source-map-resolve#deprecated

> esbuild@0.14.54 postinstall /home/runner/work/swagger-codegen/swagger-codegen/generated/typescript-angular-v13-with-interface-v3___petstore3fake___/node_modules/ng-packagr/node_modules/esbuild
> node install.js

npm notice created a lockfile as package-lock.json. You should commit this file.
npm WARN optional SKIPPING OPTIONAL DEPENDENCY: fsevents@~2.3.2 (node_modules/chokidar/node_modules/fsevents):
npm WARN notsup SKIPPING OPTIONAL DEPENDENCY: Unsupported platform for fsevents@2.3.2: wanted {"os":"darwin","arch":"any"} (current: {"os":"linux","arch":"x64"})
npm WARN notsup Unsupported engine for sass@1.62.1: wanted: {"node":">=14.0.0"} (current: {"node":"12.22.12","npm":"6.14.16"})
npm WARN notsup Not compatible with your version of node/npm: sass@1.62.1
npm WARN optional SKIPPING OPTIONAL DEPENDENCY: @esbuild/linux-loong64@0.14.54 (node_modules/ng-packagr/node_modules/esbuild/node_modules/@esbuild/linux-loong64):
npm WARN notsup SKIPPING OPTIONAL DEPENDENCY: Unsupported platform for @esbuild/linux-loong64@0.14.54: wanted {"os":"linux","arch":"loong64"} (current: {"os":"linux","arch":"x64"})
npm WARN optional SKIPPING OPTIONAL DEPENDENCY: esbuild-android-64@0.14.54 (node_modules/ng-packagr/node_modules/esbuild/node_modules/esbuild-android-64):
npm WARN notsup SKIPPING OPTIONAL DEPENDENCY: Unsupported platform for esbuild-android-64@0.14.54: wanted {"os":"android","arch":"x64"} (current: {"os":"linux","arch":"x64"})
npm WARN optional SKIPPING OPTIONAL DEPENDENCY: esbuild-android-arm64@0.14.54 (node_modules/ng-packagr/node_modules/esbuild/node_modules/esbuild-android-arm64):
npm WARN notsup SKIPPING OPTIONAL DEPENDENCY: Unsupported platform for esbuild-android-arm64@0.14.54: wanted {"os":"android","arch":"arm64"} (current: {"os":"linux","arch":"x64"})
npm WARN optional SKIPPING OPTIONAL DEPENDENCY: esbuild-darwin-64@0.14.54 (node_modules/ng-packagr/node_modules/esbuild/node_modules/esbuild-darwin-64):
npm WARN notsup SKIPPING OPTIONAL DEPENDENCY: Unsupported platform for esbuild-darwin-64@0.14.54: wanted {"os":"darwin","arch":"x64"} (current: {"os":"linux","arch":"x64"})
npm WARN optional SKIPPING OPTIONAL DEPENDENCY: esbuild-darwin-arm64@0.14.54 (node_modules/ng-packagr/node_modules/esbuild/node_modules/esbuild-darwin-arm64):
npm WARN notsup SKIPPING OPTIONAL DEPENDENCY: Unsupported platform for esbuild-darwin-arm64@0.14.54: wanted {"os":"darwin","arch":"arm64"} (current: {"os":"linux","arch":"x64"})
npm WARN optional SKIPPING OPTIONAL DEPENDENCY: esbuild-freebsd-64@0.14.54 (node_modules/ng-packagr/node_modules/esbuild/node_modules/esbuild-freebsd-64):
npm WARN notsup SKIPPING OPTIONAL DEPENDENCY: Unsupported platform for esbuild-freebsd-64@0.14.54: wanted {"os":"freebsd","arch":"x64"} (current: {"os":"linux","arch":"x64"})
npm WARN optional SKIPPING OPTIONAL DEPENDENCY: esbuild-freebsd-arm64@0.14.54 (node_modules/ng-packagr/node_modules/esbuild/node_modules/esbuild-freebsd-arm64):
npm WARN notsup SKIPPING OPTIONAL DEPENDENCY: Unsupported platform for esbuild-freebsd-arm64@0.14.54: wanted {"os":"freebsd","arch":"arm64"} (current: {"os":"linux","arch":"x64"})
npm WARN optional SKIPPING OPTIONAL DEPENDENCY: esbuild-linux-32@0.14.54 (node_modules/ng-packagr/node_modules/esbuild/node_modules/esbuild-linux-32):
npm WARN notsup SKIPPING OPTIONAL DEPENDENCY: Unsupported platform for esbuild-linux-32@0.14.54: wanted {"os":"linux","arch":"ia32"} (current: {"os":"linux","arch":"x64"})
npm WARN optional SKIPPING OPTIONAL DEPENDENCY: esbuild-linux-arm@0.14.54 (node_modules/ng-packagr/node_modules/esbuild/node_modules/esbuild-linux-arm):
npm WARN notsup SKIPPING OPTIONAL DEPENDENCY: Unsupported platform for esbuild-linux-arm@0.14.54: wanted {"os":"linux","arch":"arm"} (current: {"os":"linux","arch":"x64"})
npm WARN optional SKIPPING OPTIONAL DEPENDENCY: esbuild-linux-arm64@0.14.54 (node_modules/ng-packagr/node_modules/esbuild/node_modules/esbuild-linux-arm64):
npm WARN notsup SKIPPING OPTIONAL DEPENDENCY: Unsupported platform for esbuild-linux-arm64@0.14.54: wanted {"os":"linux","arch":"arm64"} (current: {"os":"linux","arch":"x64"})
npm WARN optional SKIPPING OPTIONAL DEPENDENCY: esbuild-linux-mips64le@0.14.54 (node_modules/ng-packagr/node_modules/esbuild/node_modules/esbuild-linux-mips64le):
npm WARN notsup SKIPPING OPTIONAL DEPENDENCY: Unsupported platform for esbuild-linux-mips64le@0.14.54: wanted {"os":"linux","arch":"mips64el"} (current: {"os":"linux","arch":"x64"})
npm WARN optional SKIPPING OPTIONAL DEPENDENCY: esbuild-linux-ppc64le@0.14.54 (node_modules/ng-packagr/node_modules/esbuild/node_modules/esbuild-linux-ppc64le):
npm WARN notsup SKIPPING OPTIONAL DEPENDENCY: Unsupported platform for esbuild-linux-ppc64le@0.14.54: wanted {"os":"linux","arch":"ppc64"} (current: {"os":"linux","arch":"x64"})
npm WARN optional SKIPPING OPTIONAL DEPENDENCY: esbuild-linux-riscv64@0.14.54 (node_modules/ng-packagr/node_modules/esbuild/node_modules/esbuild-linux-riscv64):
npm WARN notsup SKIPPING OPTIONAL DEPENDENCY: Unsupported platform for esbuild-linux-riscv64@0.14.54: wanted {"os":"linux","arch":"riscv64"} (current: {"os":"linux","arch":"x64"})
npm WARN optional SKIPPING OPTIONAL DEPENDENCY: esbuild-linux-s390x@0.14.54 (node_modules/ng-packagr/node_modules/esbuild/node_modules/esbuild-linux-s390x):
npm WARN notsup SKIPPING OPTIONAL DEPENDENCY: Unsupported platform for esbuild-linux-s390x@0.14.54: wanted {"os":"linux","arch":"s390x"} (current: {"os":"linux","arch":"x64"})
npm WARN optional SKIPPING OPTIONAL DEPENDENCY: esbuild-netbsd-64@0.14.54 (node_modules/ng-packagr/node_modules/esbuild/node_modules/esbuild-netbsd-64):
npm WARN notsup SKIPPING OPTIONAL DEPENDENCY: Unsupported platform for esbuild-netbsd-64@0.14.54: wanted {"os":"netbsd","arch":"x64"} (current: {"os":"linux","arch":"x64"})
npm WARN optional SKIPPING OPTIONAL DEPENDENCY: esbuild-openbsd-64@0.14.54 (node_modules/ng-packagr/node_modules/esbuild/node_modules/esbuild-openbsd-64):
npm WARN notsup SKIPPING OPTIONAL DEPENDENCY: Unsupported platform for esbuild-openbsd-64@0.14.54: wanted {"os":"openbsd","arch":"x64"} (current: {"os":"linux","arch":"x64"})
npm WARN optional SKIPPING OPTIONAL DEPENDENCY: esbuild-sunos-64@0.14.54 (node_modules/ng-packagr/node_modules/esbuild/node_modules/esbuild-sunos-64):
npm WARN notsup SKIPPING OPTIONAL DEPENDENCY: Unsupported platform for esbuild-sunos-64@0.14.54: wanted {"os":"sunos","arch":"x64"} (current: {"os":"linux","arch":"x64"})
npm WARN optional SKIPPING OPTIONAL DEPENDENCY: esbuild-windows-32@0.14.54 (node_modules/ng-packagr/node_modules/esbuild/node_modules/esbuild-windows-32):
npm WARN notsup SKIPPING OPTIONAL DEPENDENCY: Unsupported platform for esbuild-windows-32@0.14.54: wanted {"os":"win32","arch":"ia32"} (current: {"os":"linux","arch":"x64"})
npm WARN optional SKIPPING OPTIONAL DEPENDENCY: esbuild-windows-64@0.14.54 (node_modules/ng-packagr/node_modules/esbuild/node_modules/esbuild-windows-64):
npm WARN notsup SKIPPING OPTIONAL DEPENDENCY: Unsupported platform for esbuild-windows-64@0.14.54: wanted {"os":"win32","arch":"x64"} (current: {"os":"linux","arch":"x64"})
npm WARN optional SKIPPING OPTIONAL DEPENDENCY: esbuild-windows-arm64@0.14.54 (node_modules/ng-packagr/node_modules/esbuild/node_modules/esbuild-windows-arm64):
npm WARN notsup SKIPPING OPTIONAL DEPENDENCY: Unsupported platform for esbuild-windows-arm64@0.14.54: wanted {"os":"win32","arch":"arm64"} (current: {"os":"linux","arch":"x64"})
npm WARN notsup Unsupported engine for @csstools/postcss-trigonometric-functions@1.0.2: wanted: {"node":"^14 || >=16"} (current: {"node":"12.22.12","npm":"6.14.16"})
npm WARN notsup Not compatible with your version of node/npm: @csstools/postcss-trigonometric-functions@1.0.2
npm WARN notsup Unsupported engine for @csstools/selector-specificity@2.2.0: wanted: {"node":"^14 || ^16 || >=18"} (current: {"node":"12.22.12","npm":"6.14.16"})
npm WARN notsup Not compatible with your version of node/npm: @csstools/selector-specificity@2.2.0
npm WARN swagger-angular-typescript@1.0.0 No repository field.

added 306 packages from 220 contributors and audited 329 packages in 13.309s

70 packages are looking for funding
  run `npm fund` for details

found 0 vulnerabilities


****** executing: npm run build ******


> swagger-angular-typescript@1.0.0 build /home/runner/work/swagger-codegen/swagger-codegen/generated/typescript-angular-v13-with-interface-v3___petstore3fake___
> ng-packagr -p ng-package.json

Building Angular Package

------------------------------------------------------------------------------
Building entry point 'swagger-angular-typescript'
------------------------------------------------------------------------------
- Compiling with Angular sources in Ivy partial compilation mode.
âœ– Compiling with Angular sources in Ivy partial compilation mode.
[96mapi/animal.serviceInterface.ts[0m:[93m14[0m:[93m67[0m - [91merror[0m[90m TS2307: [0mCannot find module 'rxjs/Observable' or its corresponding type declarations.

[7m14[0m import { Observable }                                        from 'rxjs/Observable';
[7m  [0m [91m                                                                  ~~~~~~~~~~~~~~~~~[0m
[96mapi/animal.service.ts[0m:[93m28[0m:[93m14[0m - [91merror[0m[90m TS2420: [0mClass 'AnimalService' incorrectly implements interface 'AnimalServiceInterface'.
  Property 'updateAnimalWithForm' is missing in type 'AnimalService' but required in type 'AnimalServiceInterface'.

[7m28[0m export class AnimalService implements AnimalServiceInterface {
[7m  [0m [91m             ~~~~~~~~~~~~~[0m

  [96mapi/animal.serviceInterface.ts[0m:[93m64[0m:[93m5[0m
    [7m64[0m     updateAnimalWithForm(animalId: number, name?: string, status?: string, extraHttpRequestParams?: any): Observable<{}>;
    [7m  [0m [96m    ~~~~~~~~~~~~~~~~~~~~~~~~~~~~~~~~~~~~~~~~~~~~~~~~~~~~~~~~~~~~~~~~~~~~~~~~~~~~~~~~~~~~~~~~~~~~~~~~~~~~~~~~~~~~~~~~~~~~~[0m
    'updateAnimalWithForm' is declared here.
[96mapi/anotherFake.serviceInterface.ts[0m:[93m14[0m:[93m67[0m - [91merror[0m[90m TS2307: [0mCannot find module 'rxjs/Observable' or its corresponding type declarations.

[7m14[0m import { Observable }                                        from 'rxjs/Observable';
[7m  [0m [91m                                                                  ~~~~~~~~~~~~~~~~~[0m
[96mapi/dog.serviceInterface.ts[0m:[93m14[0m:[93m67[0m - [91merror[0m[90m TS2307: [0mCannot find module 'rxjs/Observable' or its corresponding type declarations.

[7m14[0m import { Observable }                                        from 'rxjs/Observable';
[7m  [0m [91m                                                                  ~~~~~~~~~~~~~~~~~[0m
[96mapi/dog.service.ts[0m:[93m28[0m:[93m14[0m - [91merror[0m[90m TS2420: [0mClass 'DogService' incorrectly implements interface 'DogServiceInterface'.
  Property 'updateDogWithForm' is missing in type 'DogService' but required in type 'DogServiceInterface'.

[7m28[0m export class DogService implements DogServiceInterface {
[7m  [0m [91m             ~~~~~~~~~~[0m

  [96mapi/dog.serviceInterface.ts[0m:[93m64[0m:[93m5[0m
    [7m64[0m     updateDogWithForm(dogId: number, name?: string, status?: string, extraHttpRequestParams?: any): Observable<{}>;
    [7m  [0m [96m    ~~~~~~~~~~~~~~~~~~~~~~~~~~~~~~~~~~~~~~~~~~~~~~~~~~~~~~~~~~~~~~~~~~~~~~~~~~~~~~~~~~~~~~~~~~~~~~~~~~~~~~~~~~~~~~~[0m
    'updateDogWithForm' is declared here.
[96mapi/fake.serviceInterface.ts[0m:[93m14[0m:[93m67[0m - [91merror[0m[90m TS2307: [0mCannot find module 'rxjs/Observable' or its corresponding type declarations.

[7m14[0m import { Observable }                                        from 'rxjs/Observable';
[7m  [0m [91m                                                                  ~~~~~~~~~~~~~~~~~[0m
[96mapi/fakeClassnameTags123.serviceInterface.ts[0m:[93m14[0m:[93m67[0m - [91merror[0m[90m TS2307: [0mCannot find module 'rxjs/Observable' or its corresponding type declarations.

[7m14[0m import { Observable }                                        from 'rxjs/Observable';
[7m  [0m [91m                                                                  ~~~~~~~~~~~~~~~~~[0m
[96mapi/pet.serviceInterface.ts[0m:[93m14[0m:[93m67[0m - [91merror[0m[90m TS2307: [0mCannot find module 'rxjs/Observable' or its corresponding type declarations.

[7m14[0m import { Observable }                                        from 'rxjs/Observable';
[7m  [0m [91m                                                                  ~~~~~~~~~~~~~~~~~[0m
[96mapi/pet.service.ts[0m:[93m32[0m:[93m14[0m - [91merror[0m[90m TS2420: [0mClass 'PetService' incorrectly implements interface 'PetServiceInterface'.
  Type 'PetService' is missing the following properties from type 'PetServiceInterface': updatePetWithForm, uploadFile

[7m32[0m export class PetService implements PetServiceInterface {
[7m  [0m [91m             ~~~~~~~~~~[0m
[96mapi/store.serviceInterface.ts[0m:[93m14[0m:[93m67[0m - [91merror[0m[90m TS2307: [0mCannot find module 'rxjs/Observable' or its corresponding type declarations.

[7m14[0m import { Observable }                                        from 'rxjs/Observable';
[7m  [0m [91m                                                                  ~~~~~~~~~~~~~~~~~[0m
[96mapi/user.serviceInterface.ts[0m:[93m14[0m:[93m67[0m - [91merror[0m[90m TS2307: [0mCannot find module 'rxjs/Observable' or its corresponding type declarations.

[7m14[0m import { Observable }                                        from 'rxjs/Observable';
[7m  [0m [91m                                                                  ~~~~~~~~~~~~~~~~~[0m

npm ERR! code ELIFECYCLE
npm ERR! errno 1
npm ERR! swagger-angular-typescript@1.0.0 build: `ng-packagr -p ng-package.json`
npm ERR! Exit status 1
npm ERR! 
npm ERR! Failed at the swagger-angular-typescript@1.0.0 build script.
npm ERR! This is probably not a problem with npm. There is likely additional logging output above.

npm ERR! A complete log of this run can be found in:
npm ERR!     /home/runner/.npm/_logs/2023-05-18T06_18_04_879Z-debug.log
