
****** BUILD ******


****** executing: npm i ******

npm WARN saveError ENOENT: no such file or directory, open '/home/runner/work/swagger-codegen/swagger-codegen/generated/typescript-angular-v2-with-interface___petstore___/package.json'
npm notice created a lockfile as package-lock.json. You should commit this file.
npm WARN enoent ENOENT: no such file or directory, open '/home/runner/work/swagger-codegen/swagger-codegen/generated/typescript-angular-v2-with-interface___petstore___/package.json'
npm WARN typescript-angular-v2-with-interface___petstore___ No description
npm WARN typescript-angular-v2-with-interface___petstore___ No repository field.
npm WARN typescript-angular-v2-with-interface___petstore___ No README data
npm WARN typescript-angular-v2-with-interface___petstore___ No license field.

up to date in 1.512s
found 0 vulnerabilities


****** executing: npm run build ******

npm ERR! code ENOENT
npm ERR! syscall open
npm ERR! path /home/runner/work/swagger-codegen/swagger-codegen/generated/typescript-angular-v2-with-interface___petstore___/package.json
npm ERR! errno -2
npm ERR! enoent ENOENT: no such file or directory, open '/home/runner/work/swagger-codegen/swagger-codegen/generated/typescript-angular-v2-with-interface___petstore___/package.json'
npm ERR! enoent This is related to npm not being able to find a file.
npm ERR! enoent 

npm ERR! A complete log of this run can be found in:
npm ERR!     /home/runner/.npm/_logs/2023-01-19T15_15_05_996Z-debug.log
