
****** BUILD ******


****** executing: npm i ******

npm WARN deprecated @angular/http@6.1.10: Package no longer supported. Use @angular/common instead, see https://angular.io/guide/deprecations#angularhttp
npm WARN deprecated rollup-plugin-commonjs@9.3.4: This package has been deprecated and is no longer maintained. Please use @rollup/plugin-commonjs.
npm WARN deprecated rollup-plugin-node-resolve@3.4.0: This package has been deprecated and is no longer maintained. Please use @rollup/plugin-node-resolve.
npm WARN deprecated chokidar@1.7.0: Chokidar 2 will break on node v14+. Upgrade to chokidar 3 with 15x less dependencies.
npm WARN deprecated request@2.88.2: request has been deprecated, see https://github.com/request/request/issues/3142
npm WARN deprecated source-map-resolve@0.5.3: See https://github.com/lydell/source-map-resolve#deprecated
npm WARN deprecated fsevents@1.2.13: fsevents 1 will break on node v14+ and could be using insecure binaries. Upgrade to fsevents 2.
npm WARN deprecated tar@2.2.2: This version of tar is no longer supported, and will not receive security updates. Please upgrade asap.
npm WARN deprecated har-validator@5.1.5: this library is no longer supported
npm WARN deprecated uuid@3.4.0: Please upgrade  to version 7 or higher.  Older versions may use Math.random() in certain circumstances, which is known to be problematic.  See https://v8.dev/blog/math-random for details.
npm WARN deprecated sourcemap-codec@1.4.8: Please use @jridgewell/sourcemap-codec instead
npm WARN deprecated resolve-url@0.2.1: https://github.com/lydell/resolve-url#deprecated
npm WARN deprecated source-map-url@0.4.1: See https://github.com/lydell/source-map-url#deprecated
npm WARN deprecated urix@0.1.0: Please see https://github.com/lydell/urix#deprecated

> node-sass@4.14.1 install /home/runner/work/swagger-codegen/swagger-codegen/generated/typescript-angular-v6-with-npm___petstore-with-fake-endpoints___/node_modules/node-sass
> node scripts/install.js

Downloading binary from https://github.com/sass/node-sass/releases/download/v4.14.1/linux-x64-72_binding.node
Download complete
Binary saved to /home/runner/work/swagger-codegen/swagger-codegen/generated/typescript-angular-v6-with-npm___petstore-with-fake-endpoints___/node_modules/node-sass/vendor/linux-x64-72/binding.node
Caching binary to /home/runner/.npm/node-sass/4.14.1/linux-x64-72_binding.node

> node-sass@4.14.1 postinstall /home/runner/work/swagger-codegen/swagger-codegen/generated/typescript-angular-v6-with-npm___petstore-with-fake-endpoints___/node_modules/node-sass
> node scripts/build.js

Binary found at /home/runner/work/swagger-codegen/swagger-codegen/generated/typescript-angular-v6-with-npm___petstore-with-fake-endpoints___/node_modules/node-sass/vendor/linux-x64-72/binding.node
Testing binary
Binary is fine
npm notice created a lockfile as package-lock.json. You should commit this file.
npm WARN optional SKIPPING OPTIONAL DEPENDENCY: fsevents@^1.0.0 (node_modules/chokidar/node_modules/fsevents):
npm WARN notsup SKIPPING OPTIONAL DEPENDENCY: Unsupported platform for fsevents@1.2.13: wanted {"os":"darwin","arch":"any"} (current: {"os":"linux","arch":"x64"})
npm WARN @swagger/angular2-typescript-petstore@0.0.1 No repository field.

added 524 packages from 457 contributors and audited 527 packages in 12.824s

12 packages are looking for funding
  run `npm fund` for details

found 17 vulnerabilities (2 low, 6 moderate, 9 high)
  run `npm audit fix` to fix them, or `npm audit` for details

****** executing: npm run build ******


> @swagger/angular2-typescript-petstore@0.0.1 build /home/runner/work/swagger-codegen/swagger-codegen/generated/typescript-angular-v6-with-npm___petstore-with-fake-endpoints___
> ng-packagr -p ng-package.json

Building Angular Package
Building entry point '@swagger/angular2-typescript-petstore'
Rendering Stylesheets
Rendering Templates
Compiling TypeScript sources through ngc

BUILD ERROR
node_modules/@types/node/assert.d.ts(12,72): error TS1144: '{' or ';' expected.
node_modules/@types/node/assert.d.ts(279,72): error TS1144: '{' or ';' expected.
node_modules/@types/node/assert.d.ts(449,98): error TS1144: '{' or ';' expected.
node_modules/@types/node/assert.d.ts(449,105): error TS1005: ';' expected.
node_modules/@types/node/assert.d.ts(449,108): error TS1005: ';' expected.
node_modules/@types/node/assert.d.ts(481,102): error TS1144: '{' or ';' expected.
node_modules/@types/node/assert.d.ts(481,109): error TS1005: ';' expected.
node_modules/@types/node/assert.d.ts(481,112): error TS1005: ';' expected.
node_modules/@types/node/assert.d.ts(783,51): error TS1144: '{' or ';' expected.
node_modules/@types/node/assert.d.ts(783,57): error TS1005: ';' expected.
node_modules/@types/node/assert.d.ts(783,60): error TS1005: ';' expected.
node_modules/@types/node/assert.d.ts(941,65): error TS1005: ';' expected.
node_modules/@types/node/index.d.ts(74,1): error TS1084: Invalid 'reference' directive syntax.
node_modules/@types/node/index.d.ts(75,1): error TS1084: Invalid 'reference' directive syntax.
node_modules/@types/node/index.d.ts(76,1): error TS1084: Invalid 'reference' directive syntax.
node_modules/@types/node/index.d.ts(77,1): error TS1084: Invalid 'reference' directive syntax.
node_modules/@types/node/test.d.ts(137,26): error TS1005: ';' expected.
node_modules/@types/node/test.d.ts(137,33): error TS1011: An element access expression should take an argument.
node_modules/@types/node/test.d.ts(143,16): error TS1109: Expression expected.
node_modules/@types/node/test.d.ts(150,17): error TS1109: Expression expected.
node_modules/@types/node/test.d.ts(157,21): error TS1109: Expression expected.
node_modules/@types/node/test.d.ts(446,1): error TS1128: Declaration or statement expected.

Error: node_modules/@types/node/assert.d.ts(12,72): error TS1144: '{' or ';' expected.
node_modules/@types/node/assert.d.ts(279,72): error TS1144: '{' or ';' expected.
node_modules/@types/node/assert.d.ts(449,98): error TS1144: '{' or ';' expected.
node_modules/@types/node/assert.d.ts(449,105): error TS1005: ';' expected.
node_modules/@types/node/assert.d.ts(449,108): error TS1005: ';' expected.
node_modules/@types/node/assert.d.ts(481,102): error TS1144: '{' or ';' expected.
node_modules/@types/node/assert.d.ts(481,109): error TS1005: ';' expected.
node_modules/@types/node/assert.d.ts(481,112): error TS1005: ';' expected.
node_modules/@types/node/assert.d.ts(783,51): error TS1144: '{' or ';' expected.
node_modules/@types/node/assert.d.ts(783,57): error TS1005: ';' expected.
node_modules/@types/node/assert.d.ts(783,60): error TS1005: ';' expected.
node_modules/@types/node/assert.d.ts(941,65): error TS1005: ';' expected.
node_modules/@types/node/index.d.ts(74,1): error TS1084: Invalid 'reference' directive syntax.
node_modules/@types/node/index.d.ts(75,1): error TS1084: Invalid 'reference' directive syntax.
node_modules/@types/node/index.d.ts(76,1): error TS1084: Invalid 'reference' directive syntax.
node_modules/@types/node/index.d.ts(77,1): error TS1084: Invalid 'reference' directive syntax.
node_modules/@types/node/test.d.ts(137,26): error TS1005: ';' expected.
node_modules/@types/node/test.d.ts(137,33): error TS1011: An element access expression should take an argument.
node_modules/@types/node/test.d.ts(143,16): error TS1109: Expression expected.
node_modules/@types/node/test.d.ts(150,17): error TS1109: Expression expected.
node_modules/@types/node/test.d.ts(157,21): error TS1109: Expression expected.
node_modules/@types/node/test.d.ts(446,1): error TS1128: Declaration or statement expected.

    at Object.<anonymous> (/home/runner/work/swagger-codegen/swagger-codegen/generated/typescript-angular-v6-with-npm___petstore-with-fake-endpoints___/node_modules/ng-packagr/lib/ngc/compile-source-files.js:53:68)
    at Generator.next (<anonymous>)
    at /home/runner/work/swagger-codegen/swagger-codegen/generated/typescript-angular-v6-with-npm___petstore-with-fake-endpoints___/node_modules/ng-packagr/lib/ngc/compile-source-files.js:7:71
    at new Promise (<anonymous>)
    at __awaiter (/home/runner/work/swagger-codegen/swagger-codegen/generated/typescript-angular-v6-with-npm___petstore-with-fake-endpoints___/node_modules/ng-packagr/lib/ngc/compile-source-files.js:3:12)
    at Object.compileSourceFiles (/home/runner/work/swagger-codegen/swagger-codegen/generated/typescript-angular-v6-with-npm___petstore-with-fake-endpoints___/node_modules/ng-packagr/lib/ngc/compile-source-files.js:19:12)
    at Object.<anonymous> (/home/runner/work/swagger-codegen/swagger-codegen/generated/typescript-angular-v6-with-npm___petstore-with-fake-endpoints___/node_modules/ng-packagr/lib/ng-v5/entry-point/ts/compile-ngc.transform.js:26:32)
    at Generator.next (<anonymous>)
    at /home/runner/work/swagger-codegen/swagger-codegen/generated/typescript-angular-v6-with-npm___petstore-with-fake-endpoints___/node_modules/ng-packagr/lib/ng-v5/entry-point/ts/compile-ngc.transform.js:7:71
    at new Promise (<anonymous>)

npm ERR! code ELIFECYCLE
npm ERR! errno 111
npm ERR! @swagger/angular2-typescript-petstore@0.0.1 build: `ng-packagr -p ng-package.json`
npm ERR! Exit status 111
npm ERR! 
npm ERR! Failed at the @swagger/angular2-typescript-petstore@0.0.1 build script.
npm ERR! This is probably not a problem with npm. There is likely additional logging output above.

npm ERR! A complete log of this run can be found in:
npm ERR!     /home/runner/.npm/_logs/2023-01-20T13_52_51_255Z-debug.log
