
****** BUILD ******


****** executing: npm i ******

npm WARN deprecated @angular/http@4.4.7: Package no longer supported. Use @angular/common instead, see https://angular.io/guide/deprecations#angularhttp
npm WARN deprecated rollup-plugin-node-resolve@3.4.0: This package has been deprecated and is no longer maintained. Please use @rollup/plugin-node-resolve.
npm WARN deprecated rollup-plugin-commonjs@9.3.4: This package has been deprecated and is no longer maintained. Please use @rollup/plugin-commonjs.
npm WARN deprecated request@2.88.2: request has been deprecated, see https://github.com/request/request/issues/3142
npm WARN deprecated source-map-resolve@0.5.3: See https://github.com/lydell/source-map-resolve#deprecated
npm WARN deprecated har-validator@5.1.5: this library is no longer supported
npm WARN deprecated uuid@3.4.0: Please upgrade  to version 7 or higher.  Older versions may use Math.random() in certain circumstances, which is known to be problematic.  See https://v8.dev/blog/math-random for details.
npm WARN deprecated tar@2.2.2: This version of tar is no longer supported, and will not receive security updates. Please upgrade asap.
npm WARN deprecated resolve-url@0.2.1: https://github.com/lydell/resolve-url#deprecated
npm WARN deprecated source-map-url@0.4.1: See https://github.com/lydell/source-map-url#deprecated
npm WARN deprecated urix@0.1.0: Please see https://github.com/lydell/urix#deprecated
npm WARN deprecated sourcemap-codec@1.4.8: Please use @jridgewell/sourcemap-codec instead

> node-sass@4.14.1 install /home/runner/work/swagger-codegen/swagger-codegen/generated/typescript-angular-v4.3-with-npm___petstore___/node_modules/node-sass
> node scripts/install.js

Downloading binary from https://github.com/sass/node-sass/releases/download/v4.14.1/linux-x64-72_binding.node
Download complete
Binary saved to /home/runner/work/swagger-codegen/swagger-codegen/generated/typescript-angular-v4.3-with-npm___petstore___/node_modules/node-sass/vendor/linux-x64-72/binding.node
Caching binary to /home/runner/.npm/node-sass/4.14.1/linux-x64-72_binding.node

> node-sass@4.14.1 postinstall /home/runner/work/swagger-codegen/swagger-codegen/generated/typescript-angular-v4.3-with-npm___petstore___/node_modules/node-sass
> node scripts/build.js

Binary found at /home/runner/work/swagger-codegen/swagger-codegen/generated/typescript-angular-v4.3-with-npm___petstore___/node_modules/node-sass/vendor/linux-x64-72/binding.node
Testing binary
Binary is fine
npm notice created a lockfile as package-lock.json. You should commit this file.
npm WARN @angular/core@4.4.7 requires a peer of rxjs@^5.0.1 but none is installed. You must install peer dependencies yourself.
npm WARN @angular/http@4.4.7 requires a peer of rxjs@^5.0.1 but none is installed. You must install peer dependencies yourself.
npm WARN ng-packagr@3.0.6 requires a peer of @angular/compiler@^5.0.0 || ^6.0.0 but none is installed. You must install peer dependencies yourself.
npm WARN ng-packagr@3.0.6 requires a peer of @angular/compiler-cli@^5.0.0 || ^6.0.0 but none is installed. You must install peer dependencies yourself.
npm WARN ng-packagr@3.0.6 requires a peer of tsickle@>=0.27.3 but none is installed. You must install peer dependencies yourself.
npm WARN @swagger/angular2-typescript-petstore@0.0.1 No repository field.

added 362 packages from 399 contributors and audited 364 packages in 10.931s

12 packages are looking for funding
  run `npm fund` for details

found 13 vulnerabilities (6 moderate, 7 high)
  run `npm audit fix` to fix them, or `npm audit` for details

****** executing: npm run build ******


> @swagger/angular2-typescript-petstore@0.0.1 build /home/runner/work/swagger-codegen/swagger-codegen/generated/typescript-angular-v4.3-with-npm___petstore___
> ng-packagr -p ng-package.json

internal/modules/cjs/loader.js:818
  throw err;
  ^

Error: Cannot find module '@angular/compiler-cli/src/perform_compile'
Require stack:
- /home/runner/work/swagger-codegen/swagger-codegen/generated/typescript-angular-v4.3-with-npm___petstore___/node_modules/ng-packagr/lib/ts/tsconfig.js
- /home/runner/work/swagger-codegen/swagger-codegen/generated/typescript-angular-v4.3-with-npm___petstore___/node_modules/ng-packagr/lib/ng-v5/init/init-tsconfig.di.js
- /home/runner/work/swagger-codegen/swagger-codegen/generated/typescript-angular-v4.3-with-npm___petstore___/node_modules/ng-packagr/lib/ng-v5/packagr.js
- /home/runner/work/swagger-codegen/swagger-codegen/generated/typescript-angular-v4.3-with-npm___petstore___/node_modules/ng-packagr/lib/commands/build.command.js
- /home/runner/work/swagger-codegen/swagger-codegen/generated/typescript-angular-v4.3-with-npm___petstore___/node_modules/ng-packagr/public_api.js
- /home/runner/work/swagger-codegen/swagger-codegen/generated/typescript-angular-v4.3-with-npm___petstore___/node_modules/ng-packagr/cli/main.js
    at Function.Module._resolveFilename (internal/modules/cjs/loader.js:815:15)
    at Function.Module._load (internal/modules/cjs/loader.js:667:27)
    at Module.require (internal/modules/cjs/loader.js:887:19)
    at require (internal/modules/cjs/helpers.js:74:18)
    at Object.<anonymous> (/home/runner/work/swagger-codegen/swagger-codegen/generated/typescript-angular-v4.3-with-npm___petstore___/node_modules/ng-packagr/lib/ts/tsconfig.js:3:12)
    at Module._compile (internal/modules/cjs/loader.js:999:30)
    at Object.Module._extensions..js (internal/modules/cjs/loader.js:1027:10)
    at Module.load (internal/modules/cjs/loader.js:863:32)
    at Function.Module._load (internal/modules/cjs/loader.js:708:14)
    at Module.require (internal/modules/cjs/loader.js:887:19) {
  code: 'MODULE_NOT_FOUND',
  requireStack: [
    '/home/runner/work/swagger-codegen/swagger-codegen/generated/typescript-angular-v4.3-with-npm___petstore___/node_modules/ng-packagr/lib/ts/tsconfig.js',
    '/home/runner/work/swagger-codegen/swagger-codegen/generated/typescript-angular-v4.3-with-npm___petstore___/node_modules/ng-packagr/lib/ng-v5/init/init-tsconfig.di.js',
    '/home/runner/work/swagger-codegen/swagger-codegen/generated/typescript-angular-v4.3-with-npm___petstore___/node_modules/ng-packagr/lib/ng-v5/packagr.js',
    '/home/runner/work/swagger-codegen/swagger-codegen/generated/typescript-angular-v4.3-with-npm___petstore___/node_modules/ng-packagr/lib/commands/build.command.js',
    '/home/runner/work/swagger-codegen/swagger-codegen/generated/typescript-angular-v4.3-with-npm___petstore___/node_modules/ng-packagr/public_api.js',
    '/home/runner/work/swagger-codegen/swagger-codegen/generated/typescript-angular-v4.3-with-npm___petstore___/node_modules/ng-packagr/cli/main.js'
  ]
}
npm ERR! code ELIFECYCLE
npm ERR! errno 1
npm ERR! @swagger/angular2-typescript-petstore@0.0.1 build: `ng-packagr -p ng-package.json`
npm ERR! Exit status 1
npm ERR! 
npm ERR! Failed at the @swagger/angular2-typescript-petstore@0.0.1 build script.
npm ERR! This is probably not a problem with npm. There is likely additional logging output above.

npm ERR! A complete log of this run can be found in:
npm ERR!     /home/runner/.npm/_logs/2023-01-20T08_08_01_560Z-debug.log
