
****** BUILD ******


****** executing: npm i ******

npm WARN deprecated sourcemap-codec@1.4.8: Please use @jridgewell/sourcemap-codec instead
npm WARN deprecated source-map-resolve@0.6.0: See https://github.com/lydell/source-map-resolve#deprecated
npm WARN deprecated source-map-resolve@0.5.3: See https://github.com/lydell/source-map-resolve#deprecated
npm WARN deprecated svgo@1.3.2: This SVGO version is no longer supported. Upgrade to v2.x.x.
npm WARN deprecated urix@0.1.0: Please see https://github.com/lydell/urix#deprecated
npm WARN deprecated source-map-url@0.4.1: See https://github.com/lydell/source-map-url#deprecated
npm WARN deprecated resolve-url@0.2.1: https://github.com/lydell/resolve-url#deprecated
npm WARN deprecated stable@0.1.8: Modern JS already guarantees Array#sort() is a stable sort, so this library is deprecated. See the compatibility table on MDN: https://developer.mozilla.org/en-US/docs/Web/JavaScript/Reference/Global_Objects/Array/sort#browser_compatibility
npm notice created a lockfile as package-lock.json. You should commit this file.
npm WARN optional SKIPPING OPTIONAL DEPENDENCY: fsevents@~2.3.2 (node_modules/chokidar/node_modules/fsevents):
npm WARN notsup SKIPPING OPTIONAL DEPENDENCY: Unsupported platform for fsevents@2.3.2: wanted {"os":"darwin","arch":"any"} (current: {"os":"linux","arch":"x64"})
npm WARN swagger-angular-typescript@1.0.0 requires a peer of core-js@^2.4.0 but none is installed. You must install peer dependencies yourself.
npm WARN @angular/compiler-cli@13.3.12 requires a peer of typescript@>=4.4.2 <4.7 but none is installed. You must install peer dependencies yourself.
npm WARN ng-packagr@11.2.4 requires a peer of @angular/compiler@^11.0.0 but none is installed. You must install peer dependencies yourself.
npm WARN ng-packagr@11.2.4 requires a peer of @angular/compiler-cli@^11.0.0 but none is installed. You must install peer dependencies yourself.
npm WARN swagger-angular-typescript@1.0.0 No repository field.

added 474 packages from 265 contributors and audited 477 packages in 12.65s

84 packages are looking for funding
  run `npm fund` for details

found 1 high severity vulnerability
  run `npm audit fix` to fix them, or `npm audit` for details

****** executing: npm run build ******


> swagger-angular-typescript@1.0.0 build /home/runner/work/swagger-codegen/swagger-codegen/generated/typescript-angular-v13-with-interface-v3___petstore3composed___
> ng-packagr -p ng-package.json

internal/modules/cjs/loader.js:1015
      throw new ERR_REQUIRE_ESM(filename, parentPath, packageJsonPath);
      ^

Error [ERR_REQUIRE_ESM]: Must use import to load ES Module: /home/runner/work/swagger-codegen/swagger-codegen/generated/typescript-angular-v13-with-interface-v3___petstore3composed___/node_modules/@angular/compiler-cli/bundles/index.js
require() of ES modules is not supported.
require() of /home/runner/work/swagger-codegen/swagger-codegen/generated/typescript-angular-v13-with-interface-v3___petstore3composed___/node_modules/@angular/compiler-cli/bundles/index.js from /home/runner/work/swagger-codegen/swagger-codegen/generated/typescript-angular-v13-with-interface-v3___petstore3composed___/node_modules/ng-packagr/lib/ts/tsconfig.js is an ES module file as it is a .js file whose nearest parent package.json contains "type": "module" which defines all .js files in that package scope as ES modules.
Instead rename index.js to end in .cjs, change the requiring code to use import(), or remove "type": "module" from /home/runner/work/swagger-codegen/swagger-codegen/generated/typescript-angular-v13-with-interface-v3___petstore3composed___/node_modules/@angular/compiler-cli/package.json.

    at Object.Module._extensions..js (internal/modules/cjs/loader.js:1015:13)
    at Module.load (internal/modules/cjs/loader.js:863:32)
    at Function.Module._load (internal/modules/cjs/loader.js:708:14)
    at Module.require (internal/modules/cjs/loader.js:887:19)
    at require (internal/modules/cjs/helpers.js:74:18)
    at Object.<anonymous> (/home/runner/work/swagger-codegen/swagger-codegen/generated/typescript-angular-v13-with-interface-v3___petstore3composed___/node_modules/ng-packagr/lib/ts/tsconfig.js:4:12)
    at Module._compile (internal/modules/cjs/loader.js:999:30)
    at Object.Module._extensions..js (internal/modules/cjs/loader.js:1027:10)
    at Module.load (internal/modules/cjs/loader.js:863:32)
    at Function.Module._load (internal/modules/cjs/loader.js:708:14) {
  code: 'ERR_REQUIRE_ESM'
}
npm ERR! code ELIFECYCLE
npm ERR! errno 1
npm ERR! swagger-angular-typescript@1.0.0 build: `ng-packagr -p ng-package.json`
npm ERR! Exit status 1
npm ERR! 
npm ERR! Failed at the swagger-angular-typescript@1.0.0 build script.
npm ERR! This is probably not a problem with npm. There is likely additional logging output above.

npm ERR! A complete log of this run can be found in:
npm ERR!     /home/runner/.npm/_logs/2023-04-02T19_58_46_677Z-debug.log
