
****** BUILD ******


****** executing: npm i ******

npm WARN deprecated sourcemap-codec@1.4.8: Please use @jridgewell/sourcemap-codec instead
npm WARN deprecated source-map-resolve@0.6.0: See https://github.com/lydell/source-map-resolve#deprecated
npm WARN deprecated svgo@1.3.2: This SVGO version is no longer supported. Upgrade to v2.x.x.
npm WARN deprecated source-map-resolve@0.5.3: See https://github.com/lydell/source-map-resolve#deprecated
npm WARN deprecated urix@0.1.0: Please see https://github.com/lydell/urix#deprecated
npm WARN deprecated stable@0.1.8: Modern JS already guarantees Array#sort() is a stable sort, so this library is deprecated. See the compatibility table on MDN: https://developer.mozilla.org/en-US/docs/Web/JavaScript/Reference/Global_Objects/Array/sort#browser_compatibility
npm WARN deprecated resolve-url@0.2.1: https://github.com/lydell/resolve-url#deprecated
npm WARN deprecated source-map-url@0.4.1: See https://github.com/lydell/source-map-url#deprecated
npm notice created a lockfile as package-lock.json. You should commit this file.
npm WARN optional SKIPPING OPTIONAL DEPENDENCY: fsevents@~2.3.2 (node_modules/chokidar/node_modules/fsevents):
npm WARN notsup SKIPPING OPTIONAL DEPENDENCY: Unsupported platform for fsevents@2.3.2: wanted {"os":"darwin","arch":"any"} (current: {"os":"linux","arch":"x64"})
npm WARN swagger-angular-typescript@1.0.0 requires a peer of core-js@^2.4.0 but none is installed. You must install peer dependencies yourself.
npm WARN @angular/compiler-cli@12.2.17 requires a peer of typescript@>=4.2.3 <4.4 but none is installed. You must install peer dependencies yourself.
npm WARN ng-packagr@11.2.4 requires a peer of @angular/compiler@^11.0.0 but none is installed. You must install peer dependencies yourself.
npm WARN ng-packagr@11.2.4 requires a peer of @angular/compiler-cli@^11.0.0 but none is installed. You must install peer dependencies yourself.
npm WARN swagger-angular-typescript@1.0.0 No repository field.

added 474 packages from 266 contributors and audited 477 packages in 15.311s

84 packages are looking for funding
  run `npm fund` for details

found 1 high severity vulnerability
  run `npm audit fix` to fix them, or `npm audit` for details

****** executing: npm run build ******


> swagger-angular-typescript@1.0.0 build /home/runner/work/swagger-codegen/swagger-codegen/generated/typescript-angular-v12-with-interface-v3___petstoreMixed3___
> ng-packagr -p ng-package.json

Building Angular Package

------------------------------------------------------------------------------
Building entry point 'swagger-angular-typescript'
------------------------------------------------------------------------------
- Compiling TypeScript sources through NGC
âœ– Compiling TypeScript sources through NGC
ERROR: The Angular Compiler requires TypeScript >=4.2.3 and <4.4.0 but 4.0.8 was found instead.
npm ERR! code ELIFECYCLE
npm ERR! errno 111
npm ERR! swagger-angular-typescript@1.0.0 build: `ng-packagr -p ng-package.json`
npm ERR! Exit status 111
npm ERR! 
npm ERR! Failed at the swagger-angular-typescript@1.0.0 build script.
npm ERR! This is probably not a problem with npm. There is likely additional logging output above.

npm ERR! A complete log of this run can be found in:
npm ERR!     /home/runner/.npm/_logs/2023-04-02T20_07_37_010Z-debug.log
